
================================================================
======== Log Rotated - 28.8.2022 00.00.00                       
================================================================
[      script:qb-core] nil triggered QBCore:Server:RemoveItem by ID 53 for 1 tint_supplies. This event is deprecated due to exploitation, and will be removed soon. Adjust your events accordingly to do this server side with player functions.
[      script:qb-core] nil triggered QBCore:Server:RemoveItem by ID 53 for 1 paintcan. This event is deprecated due to exploitation, and will be removed soon. Adjust your events accordingly to do this server side with player functions.
[      script:qb-core] [qb-core:LOG] Malle PLAYER SAVED!
[      script:qb-core] [qb-core:LOG] Mejdahl PLAYER SAVED!
[      script:qb-core] nil triggered QBCore:Server:RemoveItem by ID 53 for 1 spoiler. This event is deprecated due to exploitation, and will be removed soon. Adjust your events accordingly to do this server side with player functions.
[      script:qb-core] [qb-core:LOG] Snipzi PLAYER SAVED!
[      script:qb-core] nil triggered QBCore:Server:RemoveItem by ID 53 for 1 customplate. This event is deprecated due to exploitation, and will be removed soon. Adjust your events accordingly to do this server side with player functions.
[      script:qb-core] nil triggered QBCore:Server:RemoveItem by ID 53 for 1 spoiler. This event is deprecated due to exploitation, and will be removed soon. Adjust your events accordingly to do this server side with player functions.
[      script:qb-core] nil triggered QBCore:Server:RemoveItem by ID 53 for 1 spoiler. This event is deprecated due to exploitation, and will be removed soon. Adjust your events accordingly to do this server side with player functions.
[      script:qb-core] nil triggered QBCore:Server:RemoveItem by ID 53 for 1 spoiler. This event is deprecated due to exploitation, and will be removed soon. Adjust your events accordingly to do this server side with player functions.
[      script:qb-core] nil triggered QBCore:Server:RemoveItem by ID 53 for 1 spoiler. This event is deprecated due to exploitation, and will be removed soon. Adjust your events accordingly to do this server side with player functions.
[      script:qb-core] nil triggered QBCore:Server:RemoveItem by ID 53 for 1 spoiler. This event is deprecated due to exploitation, and will be removed soon. Adjust your events accordingly to do this server side with player functions.
[      script:qb-core] nil triggered QBCore:Server:RemoveItem by ID 53 for 1 spoiler. This event is deprecated due to exploitation, and will be removed soon. Adjust your events accordingly to do this server side with player functions.
[      script:qb-core] [qb-core:LOG] Tulle PLAYER SAVED!
[      script:qb-core] [qb-core:LOG] 🥇| Johan PLAYER SAVED!
[   script:ExiledCore] Debug: Cuff Print
[      script:qb-core] nil triggered QBCore:Server:RemoveItem by ID 53 for 1 externals. This event is deprecated due to exploitation, and will be removed soon. Adjust your events accordingly to do this server side with player functions.
[ script:connectqueue] QUEUE: Morfar[license:0d8a1f40184232325e1a92c7e76a7a6ccf86cd8a] was removed from the connecting queue because they timed out
[      script:qb-core] nil triggered QBCore:Server:RemoveItem by ID 53 for 1 externals. This event is deprecated due to exploitation, and will be removed soon. Adjust your events accordingly to do this server side with player functions.
[      script:qb-core] nil triggered QBCore:Server:RemoveItem by ID 53 for 1 externals. This event is deprecated due to exploitation, and will be removed soon. Adjust your events accordingly to do this server side with player functions.
[      script:qb-core] [qb-core:LOG] Malle PLAYER SAVED!
[      script:qb-core] [qb-core:LOG] Mejdahl PLAYER SAVED!
[                 cmd] Access denied for command remove_principal.
[                 cmd] Access denied for command remove_principal.
[      script:qb-core] [qb-core:LOG] Tulle PLAYER SAVED!
[   script:ExiledCore] Debug: Player Left Print
[      script:qb-core] nil triggered QBCore:Server:RemoveItem by ID 53 for 1 bumper. This event is deprecated due to exploitation, and will be removed soon. Adjust your events accordingly to do this server side with player functions.
[      script:qb-core] [qb-core:LOG] Snipzi PLAYER SAVED!
[      script:qb-core] nil triggered QBCore:Server:RemoveItem by ID 53 for 1 bumper. This event is deprecated due to exploitation, and will be removed soon. Adjust your events accordingly to do this server side with player functions.
[ script:connectqueue] QUEUE: Tulle[license:6d7c637c585da1b31d306a248661dc67bf5712cb] was placed 1/1 in queue
[ script:connectqueue] QUEUE: Tulle[license:6d7c637c585da1b31d306a248661dc67bf5712cb] is loading into the server
[      script:qb-core] nil triggered QBCore:Server:RemoveItem by ID 53 for 1 bumper. This event is deprecated due to exploitation, and will be removed soon. Adjust your events accordingly to do this server side with player functions.
[      script:qb-core] nil triggered QBCore:Server:RemoveItem by ID 53 for 1 bumper. This event is deprecated due to exploitation, and will be removed soon. Adjust your events accordingly to do this server side with player functions.
[                 cmd] Access denied for command add_principal.
[      script:qb-core] nil triggered QBCore:Server:RemoveItem by ID 53 for 1 bumper. This event is deprecated due to exploitation, and will be removed soon. Adjust your events accordingly to do this server side with player functions.
[      script:qb-core] nil triggered QBCore:Server:RemoveItem by ID 53 for 1 bumper. This event is deprecated due to exploitation, and will be removed soon. Adjust your events accordingly to do this server side with player functions.
[      script:qb-core] nil triggered QBCore:Server:RemoveItem by ID 53 for 1 bumper. This event is deprecated due to exploitation, and will be removed soon. Adjust your events accordingly to do this server side with player functions.
[      script:qb-core] nil triggered QBCore:Server:RemoveItem by ID 53 for 1 bumper. This event is deprecated due to exploitation, and will be removed soon. Adjust your events accordingly to do this server side with player functions.
[      script:qb-core] nil triggered QBCore:Server:RemoveItem by ID 53 for 1 bumper. This event is deprecated due to exploitation, and will be removed soon. Adjust your events accordingly to do this server side with player functions.
[      script:qb-core] nil triggered QBCore:Server:RemoveItem by ID 53 for 1 bumper. This event is deprecated due to exploitation, and will be removed soon. Adjust your events accordingly to do this server side with player functions.
[      script:qb-core] nil triggered QBCore:Server:RemoveItem by ID 53 for 1 bumper. This event is deprecated due to exploitation, and will be removed soon. Adjust your events accordingly to do this server side with player functions.
[      script:qb-core] nil triggered QBCore:Server:RemoveItem by ID 53 for 1 bumper. This event is deprecated due to exploitation, and will be removed soon. Adjust your events accordingly to do this server side with player functions.
[      script:qb-core] [qb-core:LOG] Tulle PLAYER SAVED!
[script:qb-multichara] [qb-core] Tulle (Citizen ID: TKI22861) has succesfully loaded!
[      script:qb-core] nil triggered QBCore:Server:RemoveItem by ID 53 for 1 skirts. This event is deprecated due to exploitation, and will be removed soon. Adjust your events accordingly to do this server side with player functions.
[   script:ExiledCore] Debug: Player Joined Print
[      script:qb-core] [qb-core:LOG] 🥇| Johan PLAYER SAVED!
[      script:qb-core] nil triggered QBCore:Server:RemoveItem by ID 53 for 1 skirts. This event is deprecated due to exploitation, and will be removed soon. Adjust your events accordingly to do this server side with player functions.
[      script:qb-core] nil triggered QBCore:Server:RemoveItem by ID 53 for 1 skirts. This event is deprecated due to exploitation, and will be removed soon. Adjust your events accordingly to do this server side with player functions.
[      script:qb-core] nil triggered QBCore:Server:RemoveItem by ID 53 for 1 roof. This event is deprecated due to exploitation, and will be removed soon. Adjust your events accordingly to do this server side with player functions.
[      script:qb-core] nil triggered QBCore:Server:RemoveItem by ID 53 for 1 roof. This event is deprecated due to exploitation, and will be removed soon. Adjust your events accordingly to do this server side with player functions.
[      script:qb-core] nil triggered QBCore:Server:RemoveItem by ID 53 for 1 roof. This event is deprecated due to exploitation, and will be removed soon. Adjust your events accordingly to do this server side with player functions.
[      script:qb-core] nil triggered QBCore:Server:RemoveItem by ID 53 for 1 roof. This event is deprecated due to exploitation, and will be removed soon. Adjust your events accordingly to do this server side with player functions.
[   script:ExiledCore] Debug: Uncuff Print
[      script:qb-core] nil triggered QBCore:Server:RemoveItem by ID 53 for 1 roof. This event is deprecated due to exploitation, and will be removed soon. Adjust your events accordingly to do this server side with player functions.
[      script:qb-core] nil triggered QBCore:Server:RemoveItem by ID 53 for 1 roof. This event is deprecated due to exploitation, and will be removed soon. Adjust your events accordingly to do this server side with player functions.
[      script:qb-core] nil triggered QBCore:Server:RemoveItem by ID 53 for 1 hood. This event is deprecated due to exploitation, and will be removed soon. Adjust your events accordingly to do this server side with player functions.
[      script:qb-core] nil triggered QBCore:Server:RemoveItem by ID 53 for 1 hood. This event is deprecated due to exploitation, and will be removed soon. Adjust your events accordingly to do this server side with player functions.
[      script:qb-core] nil triggered QBCore:Server:RemoveItem by ID 53 for 1 hood. This event is deprecated due to exploitation, and will be removed soon. Adjust your events accordingly to do this server side with player functions.
[      script:qb-core] nil triggered QBCore:Server:RemoveItem by ID 53 for 1 hood. This event is deprecated due to exploitation, and will be removed soon. Adjust your events accordingly to do this server side with player functions.
[      script:qb-core] nil triggered QBCore:Server:RemoveItem by ID 53 for 1 hood. This event is deprecated due to exploitation, and will be removed soon. Adjust your events accordingly to do this server side with player functions.
[      script:qb-core] nil triggered QBCore:Server:RemoveItem by ID 53 for 1 hood. This event is deprecated due to exploitation, and will be removed soon. Adjust your events accordingly to do this server side with player functions.
[      script:qb-core] nil triggered QBCore:Server:RemoveItem by ID 53 for 1 hood. This event is deprecated due to exploitation, and will be removed soon. Adjust your events accordingly to do this server side with player functions.
[      script:qb-core] [qb-core:LOG] Malle PLAYER SAVED!
[      script:qb-core] [qb-core:LOG] Mejdahl PLAYER SAVED!
[      script:qb-core] [qb-core:LOG] Snipzi PLAYER SAVED!
[      script:qb-core] nil triggered QBCore:Server:RemoveItem by ID 53 for 1 bumper. This event is deprecated due to exploitation, and will be removed soon. Adjust your events accordingly to do this server side with player functions.
[      script:qb-core] nil triggered QBCore:Server:RemoveItem by ID 53 for 1 bumper. This event is deprecated due to exploitation, and will be removed soon. Adjust your events accordingly to do this server side with player functions.
[      script:qb-core] nil triggered QBCore:Server:RemoveItem by ID 53 for 1 customplate. This event is deprecated due to exploitation, and will be removed soon. Adjust your events accordingly to do this server side with player functions.
[      script:qb-core] [qb-core:LOG] Tulle PLAYER SAVED!
[      script:qb-core] nil triggered QBCore:Server:RemoveItem by ID 53 for 1 seat. This event is deprecated due to exploitation, and will be removed soon. Adjust your events accordingly to do this server side with player functions.
[      script:qb-core] nil triggered QBCore:Server:RemoveItem by ID 53 for 1 seat. This event is deprecated due to exploitation, and will be removed soon. Adjust your events accordingly to do this server side with player functions.
[      script:qb-core] nil triggered QBCore:Server:RemoveItem by ID 53 for 1 internals. This event is deprecated due to exploitation, and will be removed soon. Adjust your events accordingly to do this server side with player functions.
[      script:qb-core] [qb-core:LOG] 🥇| Johan PLAYER SAVED!
[      script:qb-core] nil triggered QBCore:Server:RemoveItem by ID 53 for 1 internals. This event is deprecated due to exploitation, and will be removed soon. Adjust your events accordingly to do this server side with player functions.
[      script:qb-core] nil triggered QBCore:Server:RemoveItem by ID 53 for 1 paintcan. This event is deprecated due to exploitation, and will be removed soon. Adjust your events accordingly to do this server side with player functions.
[      script:qb-core] nil triggered QBCore:Server:RemoveItem by ID 53 for 1 paintcan. This event is deprecated due to exploitation, and will be removed soon. Adjust your events accordingly to do this server side with player functions.
[      script:qb-core] [qb-core:LOG] Malle PLAYER SAVED!
[      script:qb-core] [qb-core:LOG] Mejdahl PLAYER SAVED!
[      script:qb-core] [qb-core:LOG] Snipzi PLAYER SAVED!
[      script:qb-core] [qb-core:LOG] Tulle PLAYER SAVED!
[      script:qb-core] [qb-core:LOG] 🥇| Johan PLAYER SAVED!
[ script:qb-inventory] QBCore:HasItem is deprecated, please use QBCore.Functions.HasItem, it can be used on both server- and client-side and uses the same arguments.
[      script:qb-core] [qb-core:LOG] Malle PLAYER SAVED!
[      script:qb-core] [qb-core:LOG] Mejdahl PLAYER SAVED!
[      script:qb-core] [qb-core:LOG] Snipzi PLAYER SAVED!
[ script:qb-inventory] QBCore:HasItem is deprecated, please use QBCore.Functions.HasItem, it can be used on both server- and client-side and uses the same arguments.
[ script:qb-inventory] QBCore:HasItem is deprecated, please use QBCore.Functions.HasItem, it can be used on both server- and client-side and uses the same arguments.
[      script:qb-core] [qb-core:LOG] Tulle PLAYER SAVED!
[      script:qb-core] [qb-core:LOG] 🥇| Johan PLAYER SAVED!
[                 cmd] Access denied for command remove_principal.
[                 cmd] Access denied for command remove_principal.
[      script:qb-core] [qb-core:LOG][0m 🥇| Johan PLAYER SAVED!
[      script:oxmysql] SCRIPT ERROR in promise (unhandled rejection): Error: ExiledCore was unable to execute a query!
[      script:oxmysql] Illegal mix of collations (utf8_general_ci,IMPLICIT) and (utf8mb4_general_ci,COERCIBLE) for operation '='
[      script:oxmysql] SELECT * FROM players WHERE name = ? ["🥇| Johan"]
[      script:oxmysql] > <unknown> (@oxmysql/dist/build.js:21786)
[      script:oxmysql] > runMicrotasks (<anonymous>:0)
[      script:oxmysql] > processTicksAndRejections (node:internal/process/task_queues:96)
[      script:oxmysql] > async rawQuery (@oxmysql/dist/build.js:21755)
[      script:oxmysql] 
[      script:qb-core] [qb-core:LOG] Malle PLAYER SAVED!
[      script:qb-core] [qb-core:LOG] Mejdahl PLAYER SAVED!
[ script:connectqueue] QUEUE: 🥇| Johan[license:ed5e0d2da97aa01c3cfd7748c118de86a4f0fa42] was placed 1/1 in queue
[ script:connectqueue] QUEUE: 🥇| Johan[license:ed5e0d2da97aa01c3cfd7748c118de86a4f0fa42] is loading into the server
[      script:qb-core] [qb-core:LOG] Snipzi PLAYER SAVED!
[      script:qb-core] [qb-core:LOG] Tulle PLAYER SAVED!
[      script:qb-core] nil triggered QBCore:Server:RemoveItem by ID 53 for 1 horn. This event is deprecated due to exploitation, and will be removed soon. Adjust your events accordingly to do this server side with player functions.
[      script:qb-core] nil triggered QBCore:Server:RemoveItem by ID 53 for 1 horn. This event is deprecated due to exploitation, and will be removed soon. Adjust your events accordingly to do this server side with player functions.
[      script:qb-core] [qb-core:LOG] 🥇| Johan PLAYER SAVED!
[script:qb-multichara] [qb-core] 🥇| Johan (Citizen ID: KLU34044) has succesfully loaded!
[   script:ExiledCore] Debug: Player Joined Print
[      script:qb-core] [qb-core:LOG] Malle PLAYER SAVED!
[      script:qb-core] [qb-core:LOG] Mejdahl PLAYER SAVED!
[      script:qb-core] [qb-core:LOG] Snipzi PLAYER SAVED!
[      script:qb-core] [qb-core:LOG] Tulle PLAYER SAVED!
[      script:qb-core] [qb-core:LOG] 🥇| Johan PLAYER SAVED!
[   script:ExiledCore] Debug: Cuff Print
[   script:ExiledCore] Debug: Uncuff Print
[      script:qb-core] [qb-core:LOG] Malle PLAYER SAVED!
[      script:qb-core] [qb-core:LOG] Mejdahl PLAYER SAVED!
[      script:qb-core] [qb-core:LOG] Snipzi PLAYER SAVED!
[      script:qb-core] [qb-core:LOG] Tulle PLAYER SAVED!
[   script:ExiledCore] Debug: Cuff Print
[      script:qb-core] [qb-core:LOG] 🥇| Johan PLAYER SAVED!
[   script:ExiledCore] Debug: Uncuff Print
[ script:qb-inventory] QBCore:HasItem is deprecated, please use QBCore.Functions.HasItem, it can be used on both server- and client-side and uses the same arguments.
[ script:qb-inventory] QBCore:HasItem is deprecated, please use QBCore.Functions.HasItem, it can be used on both server- and client-side and uses the same arguments.
[ script:qb-inventory] QBCore:HasItem is deprecated, please use QBCore.Functions.HasItem, it can be used on both server- and client-side and uses the same arguments.
[ script:qb-inventory] QBCore:HasItem is deprecated, please use QBCore.Functions.HasItem, it can be used on both server- and client-side and uses the same arguments.
[ script:qb-inventory] QBCore:HasItem is deprecated, please use QBCore.Functions.HasItem, it can be used on both server- and client-side and uses the same arguments.
[ script:qb-inventory] QBCore:HasItem is deprecated, please use QBCore.Functions.HasItem, it can be used on both server- and client-side and uses the same arguments.
[ script:qb-inventory] QBCore:HasItem is deprecated, please use QBCore.Functions.HasItem, it can be used on both server- and client-side and uses the same arguments.
[ script:qb-inventory] QBCore:HasItem is deprecated, please use QBCore.Functions.HasItem, it can be used on both server- and client-side and uses the same arguments.
[      script:qb-core] [qb-core:LOG] Malle PLAYER SAVED!
[      script:qb-core] [qb-core:LOG] Mejdahl PLAYER SAVED!
[      script:qb-core] [qb-core:LOG] Snipzi PLAYER SAVED!
[      script:qb-core] [qb-core:LOG] Tulle PLAYER SAVED!
[      script:qb-core] [qb-core:LOG] 🥇| Johan PLAYER SAVED!
[   script:ExiledCore] Debug: Cuff Print
[   script:ExiledCore] Debug: Uncuff Print
[                 cmd] Access denied for command remove_principal.
[                 cmd] Access denied for command remove_principal.
[      script:qb-core] [qb-core:LOG] Mejdahl PLAYER SAVED!
[   script:ExiledCore] Debug: Player Left Print
[      script:qb-core] [qb-core:LOG] Malle PLAYER SAVED!
[      script:qb-core] [qb-core:LOG] Snipzi PLAYER SAVED!
[      script:qb-core] [qb-core:LOG] Tulle PLAYER SAVED!
[      script:qb-core] [qb-core:LOG] 🥇| Johan PLAYER SAVED!
[      script:qb-core] [qb-core:LOG] Malle PLAYER SAVED!
[      script:qb-core] [qb-core:LOG] Snipzi PLAYER SAVED!
[      script:qb-core] [qb-core:LOG] Tulle PLAYER SAVED!
[      script:qb-core] [qb-core:LOG] 🥇| Johan PLAYER SAVED!
[ script:connectqueue] QUEUE: Tyrker[license:c32b3bdde24208e5ccc255fcd3c12d4e5a531dc0] was placed 1/1 in queue[0m
[ script:connectqueue] QUEUE: Tyrker[license:c32b3bdde24208e5ccc255fcd3c12d4e5a531dc0] is loading into the server
[                 cmd] Access denied for command remove_principal.
[38;5;171m[                 cmd] Access denied for command remove_principal.
[      script:qb-core] [qb-core:LOG] Malle PLAYER SAVED!
[   script:ExiledCore] Debug: Player Left Print
[      script:qb-core] [qb-core:LOG] Snipzi PLAYER SAVED!
[      script:qb-core] [qb-core:LOG] Tulle PLAYER SAVED!
[      script:qb-core] [qb-core:LOG] 🥇| Johan PLAYER SAVED!
[      script:qb-core] [qb-core:LOG] Tyrker PLAYER SAVED!
[script:qb-multichara] [qb-core] Tyrker has succesfully loaded!
[   script:ExiledCore] Debug: Player Joined Print
[      script:qb-core] [qb-core:LOG] Snipzi PLAYER SAVED!
[      script:qb-core] [qb-core:LOG] Tyrker PLAYER SAVED!
[      script:qb-core] [qb-core:LOG] Tulle PLAYER SAVED!
[      script:qb-core] [qb-core:LOG] 🥇| Johan PLAYER SAVED!
[      script:qb-core] [qb-core:LOG] Snipzi PLAYER SAVED!
[      script:qb-core] [qb-core:LOG] Tyrker PLAYER SAVED!
[      script:qb-core] [qb-core:LOG] Tulle PLAYER SAVED!
[      script:qb-core] [qb-core:LOG] 🥇| Johan PLAYER SAVED!
[     script:gksphone] ^dawdadwd
[     script:gksphone] Johan Bogetoft
[     script:gksphone] ^dawdadwd
[     script:gksphone] Johan Bogetoft
[      script:qb-core] [qb-core:LOG] Snipzi PLAYER SAVED!
[      script:qb-core] [qb-core:LOG] Tyrker PLAYER SAVED!
[      script:qb-core] [qb-core:LOG] Tulle PLAYER SAVED!
[      script:qb-core] [qb-core:LOG] 🥇| Johan PLAYER SAVED!
[      script:qb-core] [qb-core:LOG] Snipzi PLAYER SAVED!
[      script:qb-core] [qb-core:LOG] Tyrker PLAYER SAVED!
[      script:qb-core] [qb-core:LOG] Tulle PLAYER SAVED!
[      script:qb-core] [qb-core:LOG] 🥇| Johan PLAYER SAVED!
[                 cmd] Access denied for command remove_principal.
[                 cmd] Access denied for command remove_principal.
[      script:qb-core] [qb-core:LOG] Tulle PLAYER SAVED!
[   script:ExiledCore] Debug: Player Left Print
[ script:connectqueue] QUEUE: Tulle[license:6d7c637c585da1b31d306a248661dc67bf5712cb] was placed 1/1 in queue
[ script:connectqueue] QUEUE: Tulle[license:6d7c637c585da1b31d306a248661dc67bf5712cb] is loading into the server
[                 cmd] Access denied for command add_principal.
[      script:qb-core] [qb-core:LOG] Tulle PLAYER SAVED!
[script:qb-multichara] [qb-core] Tulle (Citizen ID: TKI22861) has succesfully loaded!
[   script:ExiledCore] Debug: Player Joined Print
[      script:qb-core] [qb-core:LOG] Snipzi PLAYER SAVED!
[      script:qb-core] [qb-core:LOG] Tyrker PLAYER SAVED!
[      script:qb-core] [qb-core:LOG] 🥇| Johan PLAYER SAVED!
[      script:qb-core] [qb-core:LOG] Tulle PLAYER SAVED!
[      script:qb-core] [qb-core:LOG] Snipzi PLAYER SAVED!
[      script:qb-core] [qb-core:LOG] Tyrker PLAYER SAVED!
[      script:qb-core] [qb-core:LOG] 🥇| Johan PLAYER SAVED!
[ script:connectqueue] QUEUE: Morfar[license:0d8a1f40184232325e1a92c7e76a7a6ccf86cd8a] was placed 1/1 in queue
[ script:connectqueue] QUEUE: Morfar[license:0d8a1f40184232325e1a92c7e76a7a6ccf86cd8a] is loading into the server
[                 cmd] Access denied for command add_principal.
[      script:qb-core] [qb-core:LOG] Tulle PLAYER SAVED!
[      script:qb-core] [qb-core:LOG][0m Morfar PLAYER SAVED!
[script:qb-multichara] [qb-core] Morfar (Citizen ID: RMA28710) has succesfully loaded!
[   script:ExiledCore] Debug: Off Duty Print
[   script:ExiledCore] Debug: Player Joined Print
[      script:qb-core] [qb-core:LOG] Snipzi PLAYER SAVED!
[      script:qb-core] [qb-core:LOG] Tyrker PLAYER SAVED!
[   script:ExiledCore] Debug: Off Duty Print
[      script:qb-core] [qb-core:LOG] 🥇| Johan PLAYER SAVED!
[      script:qb-core] [qb-core:LOG] Morfar PLAYER SAVED!
[      script:qb-core] [qb-core:LOG] Tulle PLAYER SAVED!
[      script:qb-core] [qb-core:LOG] Snipzi PLAYER SAVED!
[ citizen-server-impl] Stopping resource qb-garbagejob
[    c-scripting-core] Creating script environments for qb-garbagejob
[ citizen-server-impl] Started resource qb-garbagejob
[      script:qb-core] [qb-core:LOG] Tyrker PLAYER SAVED!
[      script:qb-core] [qb-core:LOG] 🥇| Johan PLAYER SAVED!
[      script:qb-core] [qb-core:LOG] Morfar PLAYER SAVED!
[      script:qb-core] [qb-core:LOG] Tulle PLAYER SAVED!
[      script:qb-core] [qb-core:LOG] Snipzi PLAYER SAVED!
[                 cmd] Access denied for command remove_principal.
[                 cmd] Access denied for command remove_principal.
[      script:qb-core] [qb-core:LOG] Tyrker PLAYER SAVED!
[   script:ExiledCore] Debug: Player Left Print
[                 cmd] Access denied for command remove_principal.
[                 cmd] Access denied for command remove_principal.
[      script:qb-core] [qb-core:LOG] 🥇| Johan PLAYER SAVED!
[      script:oxmysql] SCRIPT ERROR in promise (unhandled rejection): Error: ExiledCore was unable to execute a query!
[      script:oxmysql] Illegal mix of collations (utf8_general_ci,IMPLICIT) and (utf8mb4_general_ci,COERCIBLE) for operation '='
[      script:oxmysql] SELECT * FROM players WHERE name = ? ["🥇| Johan"]
[      script:oxmysql] > <unknown> (@oxmysql/dist/build.js:21786)
[      script:oxmysql] > runMicrotasks (<anonymous>:0)
[      script:oxmysql] > processTicksAndRejections (node:internal/process/task_queues:96)
[      script:oxmysql] > async rawQuery (@oxmysql/dist/build.js:21755)
[      script:oxmysql] 
[                 cmd] Access denied for command remove_principal.
[                 cmd] Access denied for command remove_principal.
[      script:qb-core] [qb-core:LOG] Tulle PLAYER SAVED!
[   script:ExiledCore] Debug: Player Left Print
[ script:connectqueue] QUEUE: 🥇| Johan[license:ed5e0d2da97aa01c3cfd7748c118de86a4f0fa42] was placed 1/1 in queue
[ script:connectqueue] QUEUE: 🥇| Johan[license:ed5e0d2da97aa01c3cfd7748c118de86a4f0fa42] is loading into the server
[ script:connectqueue] QUEUE: Tulle[license:6d7c637c585da1b31d306a248661dc67bf5712cb] was placed 1/1 in queue
[ script:connectqueue] QUEUE: Tulle[license:6d7c637c585da1b31d306a248661dc67bf5712cb] is loading into the server
[                 cmd] Access denied for command add_principal.
[      script:qb-core] [qb-core:LOG] Tulle PLAYER SAVED!
[script:qb-multichara] [qb-core] Tulle (Citizen ID: TKI22861) has succesfully loaded!
[   script:ExiledCore] Debug: Player Joined Print
[      script:qb-core] [qb-core:LOG] Morfar PLAYER SAVED!
[      script:qb-core] [qb-core:LOG] 🥇| Johan PLAYER SAVED!
[script:qb-multichara] [qb-core] 🥇| Johan (Citizen ID: KLU34044) has succesfully loaded!
[   script:ExiledCore] Debug: Player Joined Print
[      script:qb-core] [qb-core:LOG] Snipzi PLAYER SAVED!
[                 cmd] Access denied for command remove_principal.
[                 cmd] Access denied for command remove_principal.
[      script:qb-core] [qb-core:LOG] Morfar PLAYER SAVED!
[   script:ExiledCore] Debug: Player Left Print
[                 cmd] Access denied for command remove_principal.
[                 cmd] Access denied for command remove_principal.
[      script:qb-core] [qb-core:LOG] Snipzi PLAYER SAVED!
[   script:ExiledCore] Debug: Player Left Print
[                 cmd] Access denied for command remove_principal.
[                 cmd] Access denied for command remove_principal.
[      script:qb-core] [qb-core:LOG] Tulle PLAYER SAVED!
[   script:ExiledCore] Debug: Player Left Print
[      script:qb-core] [qb-core:LOG] 🥇| Johan PLAYER SAVED!
[                 cmd] Access denied for command remove_principal.
[                 cmd] Access denied for command remove_principal.
[      script:qb-core] [qb-core:LOG] 🥇| Johan PLAYER SAVED!
[      script:oxmysql] SCRIPT ERROR in promise (unhandled rejection): Error: ExiledCore was unable to execute a query!
[      script:oxmysql] Illegal mix of collations (utf8_general_ci,IMPLICIT) and (utf8mb4_general_ci,COERCIBLE) for operation '='
[      script:oxmysql] SELECT * FROM players WHERE name = ? ["🥇| Johan"]
[      script:oxmysql] > <unknown> (@oxmysql/dist/build.js:21786)
[      script:oxmysql] > runMicrotasks (<anonymous>:0)
[      script:oxmysql] > processTicksAndRejections (node:internal/process/task_queues:96)
[      script:oxmysql] > async rawQuery (@oxmysql/dist/build.js:21755)
[      script:oxmysql] 
[ script:connectqueue] QUEUE: Morfar[license:0d8a1f40184232325e1a92c7e76a7a6ccf86cd8a] was placed 1/1 in queue
[ script:connectqueue] QUEUE: Morfar[license:0d8a1f40184232325e1a92c7e76a7a6ccf86cd8a] is loading into the server
[                 cmd] Access denied for command add_principal.
> txaEvent "serverShuttingDown" "{＂delay＂:5000,＂author＂:＂emilf＂,＂message＂:＂Server shutting down (requested by emilf).＂}"
[      script:monitor] Server shutdown imminent. Kicking all players.
[script:lambra-antiCL] ID: 63 not eligible for combat log ped
[   script:ExiledCore] Debug: Player Left Print
