
================================================================
======== FXServer Starting - 25.8.2022 21.08.54                 
================================================================
[    c-scripting-core] Creating script environments for _cfx_internal
[ citizen-server-impl] Scanning resources.
[ citizen-server-impl] Found 166 resources.
[          svadhesive] Authenticating server license key...
[          svadhesive] Server license key authentication succeeded. Welcome!
[    c-scripting-core] Creating script environments for sessionmanager
[ citizen-server-impl] Started resource sessionmanager
[    c-scripting-core] Creating script environments for monitor
[      script:monitor] [txAdminClient] Version 4.16.0 starting...
[ citizen-server-impl] Started resource monitor
[ citizen-server-impl] Could not open myLogo.png for reading.
[    c-scripting-core] Creating script environments for mapmanager
[ citizen-server-impl] Started resource mapmanager
[    c-scripting-core] Creating script environments for yarn
[ citizen-server-impl] Started resource yarn
[ citizen-server-impl] Running build tasks on resource webpack - it'll restart once completed.
[    c-resources-core] Could not start dependency webpack for resource chat.
[ citizen-server-impl] Couldn't start resource chat.
[ citizen-server-impl] Started resource spawnmanager
[   script:mapmanager] Started gametype Freeroam
[ citizen-server-impl] Started resource basic-gamemode
[    c-scripting-core] Creating script environments for hardcap
[ citizen-server-impl] Started resource hardcap
[    c-scripting-core] Creating script environments for baseevents
[ citizen-server-impl] Started resource baseevents
[    c-scripting-core] Creating script environments for oxmysql
[ citizen-server-impl] Started resource oxmysql
[    c-scripting-core] Creating script environments for qb-core
[ citizen-server-impl] Started resource qb-core
[ citizen-server-impl] Couldn't find resource qb-hud.
[    c-scripting-core] Creating script environments for qb-ambulancejob
[ citizen-server-impl] Started resource qb-ambulancejob
[ citizen-server-impl] Asset qb-interior/shell_meth.ydr uses 24.0 MiB of physical memory.
[ citizen-server-impl] Asset qb-interior/shell_meth.ydr uses 24.0 MiB of physical memory.
[ citizen-server-impl] Asset qb-interior/shell_weed2.ydr uses 25.5 MiB of virtual memory.
[ citizen-server-impl] Asset qb-interior/shell_weed2.ydr uses 25.5 MiB of virtual memory.
[ citizen-server-impl] Started resource qb-interior
[    c-scripting-core] Creating script environments for fivem-appearance
[ citizen-server-impl] Started resource fivem-appearance
[    c-scripting-core] Creating script environments for qb-weathersync
[ citizen-server-impl] Started resource qb-weathersync
[    c-scripting-core] [0mCreating script environments for qb-apartments
[ citizen-server-impl] Started resource qb-apartments
[    c-scripting-core] Creating script environments for qb-atms
[ citizen-server-impl] Started resource qb-atms
[    c-scripting-core] Creating script environments for qb-banking
[ citizen-server-impl] Started resource qb-banking
[    c-scripting-core] [0mCreating script environments for PolyZone
[ citizen-server-impl] Started resource PolyZone
[    c-scripting-core] Creating script environments for qb-bankrobbery
[ citizen-server-impl] Started resource qb-bankrobbery
[    c-scripting-core] Creating script environments for qb-busjob
[ citizen-server-impl] Started resource qb-busjob
[    c-scripting-core] Creating script environments for qb-cityhall
[ citizen-server-impl] Started resource qb-cityhall
[    c-scripting-core] Creating script environments for qb-diving
[ citizen-server-impl] Started resource qb-diving
[    c-scripting-core] Creating script environments for qb-doorlock
[ citizen-server-impl] Started resource qb-doorlock
[    c-scripting-core] Creating script environments for qb-garages
[ citizen-server-impl] Started resource qb-garages
[    c-scripting-core] Creating script environments for qb-garbagejob
[ citizen-server-impl] Started resource qb-garbagejob
[    c-scripting-core] Creating script environments for qb-hotdogjob
[ citizen-server-impl] Started resource qb-hotdogjob
[ citizen-server-impl] Started resource qb-lockpick
[ citizen-server-impl] Started resource qb-skillbar
[    c-scripting-core] Creating script environments for qb-houserobbery
[ citizen-server-impl] Started resource qb-houserobbery
[    c-scripting-core] Creating script environments for qb-houses
[ citizen-server-impl] Started resource qb-houses
[ citizen-server-impl] Started resource qb-input
[    c-scripting-core] Creating script environments for qb-jewelery
[ citizen-server-impl] Started resource qb-jewelery
[ citizen-server-impl] Started resource qb-keyminigame
[    c-scripting-core] Creating script environments for qb-lapraces
[ citizen-server-impl] Started resource qb-lapraces
[ citizen-server-impl] Started resource qb-loading
[    c-scripting-core] Creating script environments for qb-management
[ citizen-server-impl] Started resource qb-management
[    c-scripting-core] Creating script environments for qb-mechanicjob
[ citizen-server-impl] Started resource qb-mechanicjob
[ citizen-server-impl] Started resource qb-menu
[    c-scripting-core] Creating script environments for qb-spawn
[ citizen-server-impl] Started resource qb-spawn
[    c-scripting-core] Creating script environments for qb-multicharacter
[ citizen-server-impl] Started resource qb-multicharacter
[    c-scripting-core] Creating script environments for qb-newsjob
[ citizen-server-impl] Started resource qb-newsjob
[    c-scripting-core] Creating script environments for qb-pawnshop
[ citizen-server-impl] Started resource qb-pawnshop
[    c-scripting-core] Creating script environments for qb-policejob
[ citizen-server-impl] Started resource qb-policejob
[    c-scripting-core] Creating script environments for qb-printer
[ citizen-server-impl] Started resource qb-printer
[    c-scripting-core] Creating script environments for qb-prison
[ citizen-server-impl] Started resource qb-prison
[    c-scripting-core] Creating script environments for qb-radialmenu
[ citizen-server-impl] Started resource qb-radialmenu
[    c-scripting-core] Creating script environments for qb-scrapyard
[ citizen-server-impl] Started resource qb-scrapyard
[    c-scripting-core] Creating script environments for qb-shops
[ citizen-server-impl] Started resource qb-shops
[    c-scripting-core] Creating script environments for qb-smallresources
[ citizen-server-impl] Started resource qb-smallresources
[    c-scripting-core] Creating script environments for qb-storerobbery
[ citizen-server-impl] Started resource qb-storerobbery
[ citizen-server-impl] Started resource qb-target
[    c-scripting-core] Creating script environments for qb-towjob
[ citizen-server-impl] Started resource qb-towjob
[38;5;161m[    c-scripting-core] Creating script environments for qb-truckrobbery
[ citizen-server-impl] Started resource qb-truckrobbery
[    c-scripting-core] Creating script environments for qb-tunerchip
[ citizen-server-impl] Started resource qb-tunerchip
[    c-scripting-core] Creating script environments for qb-vehiclefailure
[ citizen-server-impl] Started resource qb-vehiclefailure
[    c-scripting-core] Creating script environments for qb-vehiclekeys
[ citizen-server-impl] Started resource qb-vehiclekeys
[    c-scripting-core] Creating script environments for qb-vehiclesales
[ citizen-server-impl] Started resource qb-vehiclesales
[    c-scripting-core] Creating script environments for qb-vehicleshop
[ citizen-server-impl] Started resource qb-vehicleshop
[    c-scripting-core] Creating script environments for qb-weapons
[ citizen-server-impl] Started resource qb-weapons
[ citizen-server-impl] Started resource menuv
[    c-scripting-core] Creating script environments for gks_ebay
[ citizen-server-impl] Started resource gks_ebay
[    c-scripting-core] Creating script environments for gks_gotur
[ citizen-server-impl] Started resource gks_gotur
[    c-scripting-core] Creating script environments for gks_racing
[ citizen-server-impl] Started resource gks_racing
[    c-scripting-core] Creating script environments for gks_rentacar
[ citizen-server-impl] Started resource gks_rentacar
[    c-scripting-core] Creating script environments for gksphone
[ citizen-server-impl] Started resource gksphone
[    c-scripting-core] Creating script environments for xsound
[ citizen-server-impl] Started resource xsound
[ citizen-server-impl] Couldn't find resource ti_utils.
[    c-scripting-core] Creating script environments for LuxuCEXv2
[ citizen-server-impl] Started resource LuxuCEXv2
[ citizen-server-impl] Started resource NativeUI
[    c-scripting-core] Creating script environments for OxyRuns
[ citizen-server-impl] Started resource OxyRuns
[    c-scripting-core] Creating script environments for SmartDefib
[ citizen-server-impl] Asset SmartDefib/prop_defib.ydr uses 32.0 MiB of physical memory.
[ citizen-server-impl] Asset SmartDefib/prop_defib.ydr uses 32.0 MiB of physical memory.
[ citizen-server-impl] Asset SmartDefib/prop_defib_closed.ydr uses 32.0 MiB of physical memory.
[ citizen-server-impl] Asset SmartDefib/prop_defib_closed.ydr uses 32.0 MiB of physical memory.
[ citizen-server-impl] Asset SmartDefib/prop_defib_open.ydr uses 32.0 MiB of physical memory.
[ citizen-server-impl] Asset SmartDefib/prop_defib_open.ydr uses 32.0 MiB of physical memory.
[ citizen-server-impl] [0mStarted resource SmartDefib
[    c-resources-core] Resource 'advanced_drugs_creator' can't run:
[    c-resources-core]   1. onesync: OneSync needs to be enabled
[ citizen-server-impl] Couldn't start resource advanced_drugs_creator.
[ citizen-server-impl] Started resource bob74_ipl
[    c-scripting-core] [0mCreating script environments for connectqueue
[ script:connectqueue] QUEUE:  [connectqueue] Disabling hardcap 
[ citizen-server-impl] Stopping resource hardcap
[ citizen-server-impl] Started resource connectqueue
[    c-scripting-core] Creating script environments for dc-adminmenu
[ citizen-server-impl] Started resource dc-adminmenu
[    c-scripting-core] Creating script environments for dpemotes
[ citizen-server-impl] Started resource dpemotes
[ citizen-server-impl] Asset eup-stream/mp_f_freemode_01_female_freemode_mplts^task_000_u.ydd uses 32.0 MiB of physical memory.
[ citizen-server-impl] Asset eup-stream/mp_f_freemode_01_female_freemode_mplts^task_000_u.ydd uses 32.0 MiB of physical memory.
[ citizen-server-impl] Asset eup-stream/mp_f_freemode_01_mp_f_tuner^hand_010_u.ydd uses 32.0 MiB of physical memory.
[ citizen-server-impl] Asset eup-stream/mp_f_freemode_01_mp_f_tuner^hand_010_u.ydd uses 32.0 MiB of physical memory.
[ citizen-server-impl] Asset eup-stream/mp_m_freemode_01_male_freemode_mplts^task_000_u.ydd uses 32.0 MiB of physical memory.
[ citizen-server-impl] Asset eup-stream/mp_m_freemode_01_male_freemode_mplts^task_000_u.ydd uses 32.0 MiB of physical memory.
[ citizen-server-impl] Asset eup-stream/mp_m_freemode_01_mp_m_tuner^hand_010_u.ydd uses 32.0 MiB of physical memory.
[ citizen-server-impl] Asset eup-stream/mp_m_freemode_01_mp_m_tuner^hand_010_u.ydd uses 32.0 MiB of physical memory.
[ citizen-server-impl] Asset eup-stream/mp_m_freemode_01_mp_m_vinewood^task_009_u.ydd uses 32.0 MiB of physical memory.
[ citizen-server-impl] Asset eup-stream/mp_m_freemode_01_mp_m_vinewood^task_009_u.ydd uses 32.0 MiB of physical memory.
[ citizen-server-impl] Asset eup-stream/mp_m_freemode_01_mp_m_vinewood^task_010_u.ydd uses 32.0 MiB of physical memory.
[ citizen-server-impl] Asset eup-stream/mp_m_freemode_01_mp_m_vinewood^task_010_u.ydd uses 32.0 MiB of physical memory.
[ citizen-server-impl] Started resource eup-stream
[ citizen-server-impl] Started resource eup-ui
[    c-scripting-core] Creating script environments for interact-sound
[ citizen-server-impl] Started resource interact-sound
[    c-scripting-core] Creating script environments for jim-mechanic
[ script:jim-mechanic] Jim-Mechanic v2.8.5 - Mechanic Script by Jimathy
[ script:jim-mechanic] Debug: onResourceStart: Missing Item from Shared[0m.Items: 'keeptablet'
[ script:jim-mechanic] Debug: onResourceStart: Config.Jobroles tried to find the missing job: 'ap'
[ script:jim-mechanic] Debug: onResourceStart: Config.Jobroles tried to find the missing job: 'picaros'
[ citizen-server-impl] Started resource jim-mechanic
[    c-scripting-core] Creating script environments for jim-mining
[   script:jim-mining] Jim-Mining - Mining Script by Jimathy
[ citizen-server-impl] Started resource jim-mining
[    c-scripting-core] Creating script environments for jim-payments
[ script:jim-payments] Jim-Payments v2.7 - Payments Script by Jimathy
[ script:jim-payments] Jim-Payments: Config.Jobs searched for job/gang 'popsdiner' and couldn't find it in the Shared
[ script:jim-payments] Jim-Payments: Config.Jobs searched for job/gang 'vanilla' and couldn't find it in the Shared
[ script:jim-payments] Jim-Payments: Config.Jobs searched for job/gang 'pizzathis' and couldn't find it in the Shared
[ script:jim-payments] Jim-Payments: Config.Jobs searched for job/gang 'tequilala' and couldn't find it in the Shared
[ citizen-server-impl] Started resource jim-payments
[    c-scripting-core] Creating script environments for lambra-antiCL
[ citizen-server-impl] Started resource lambra-antiCL
[    c-scripting-core] Creating script environments for lambra-tunerChip
[ citizen-server-impl] Started resource lambra-tunerChip
[    c-scripting-core] Creating script environments for lj-inventory
[ citizen-server-impl] Started resource lj-inventory
[ citizen-server-impl] Started resource menu_default
[ citizen-server-impl] Started resource mhacking
[    c-scripting-core] Creating script environments for momof-textui
[ citizen-server-impl] Started resource momof-textui
[    c-scripting-core] Creating script environments for mrw_minigolf
[ citizen-server-impl] Started resource mrw_minigolf
[    c-scripting-core] Creating script environments for okokChatV2
[   script:okokChatV2] Error loading script server.lua in resource okokChatV2: @okokChatV2/server.lua:16: No such export registerMessageHook in resource chat
[   script:okokChatV2] stack traceback:
[   script:okokChatV2] 	[C]: in function 'error'
[   script:okokChatV2] 	citizen:/scripting/lua/scheduler.lua:878: in metamethod 'index'
[   script:okokChatV2] 	@okokChatV2/server.lua:16: in main chunk
[    c-scripting-core] Failed to load script server.lua.
[ citizen-server-impl] Started resource okokChatV2
[    c-scripting-core] Creating script environments for okokCrafting
[ citizen-server-impl] Started resource okokCrafting
[ citizen-server-impl] Started resource okokNotify
[    c-scripting-core] Creating script environments for okokTalkToNPC
[ citizen-server-impl] Started resource okokTalkToNPC
[ citizen-server-impl] Started resource okokTextUI
[ citizen-server-impl] Started resource progressbar
[    c-scripting-core] Creating script environments for ps-dispatch
[ citizen-server-impl] Started resource ps-dispatch
[    c-scripting-core] Creating script environments for ps-fuel
[ citizen-server-impl] Started resource ps-fuel
[    c-scripting-core] Creating script environments for ps-mdt
[ citizen-server-impl] Started resource ps-mdt
[    c-scripting-core] Creating script environments for qb-businesses
[ citizen-server-impl] Started resource qb-businesses
[    c-scripting-core] Creating script environments for rcore_buyradio
[ citizen-server-impl] Started resource rcore_buyradio
[    c-resources-core] Resource 'rcore_casino' can't run:
[    c-resources-core]   1. onesync: OneSync needs to be enabled
[ citizen-server-impl] Couldn't start resource rcore_casino.
[    c-resources-core] Resource 'rcore_drunk' can't run:
[    c-resources-core]   1. onesync: OneSync needs to be enabled
[ citizen-server-impl] Couldn't start resource rcore_drunk.
[    c-resources-core] Resource 'rcore_gangs' can't run:
[    c-resources-core]   1. onesync: OneSync needs to be enabled
[ citizen-server-impl] Couldn't start resource rcore_gangs.
[    c-scripting-core] Creating script environments for rcore_itemradio
[ citizen-server-impl] Started resource rcore_itemradio
[    c-scripting-core] Creating script environments for rcore_pool
[ citizen-server-impl] Started resource rcore_pool
[    c-resources-core] Resource 'rcore_radiocar' can't run:
[    c-resources-core]   1. onesync: OneSync needs to be enabled
[ citizen-server-impl] Couldn't start resource rcore_radiocar.
[    c-scripting-core] Creating script environments for renzu_engine
[ script:renzu_engine]  MUFFLER LOADED 
[ citizen-server-impl] Started resource renzu_engine
[    c-scripting-core] Creating script environments for renzu_hud
[    script:renzu_hud] fDriveInertia
[ citizen-server-impl] Started resource renzu_hud
[    c-scripting-core] Creating script environments for renzu_scoreboard
[ citizen-server-impl] Started resource renzu_scoreboard
[    c-scripting-core] Creating script environments for renzu_turbo
[  script:renzu_turbo] register item	Sports
[  script:renzu_turbo] register item	Street
[  script:renzu_turbo] register item	Racing
[  script:renzu_turbo]  TURBO LOADED 
[ citizen-server-impl] Started resource renzu_turbo
[ citizen-server-impl] Started resource safecracker
[ citizen-server-impl] [0mRunning build tasks on resource webpack - it'll restart once completed.
[    c-resources-core] Could not start dependency webpack for resource screenshot-basic.
[ citizen-server-impl] Couldn't start resource screenshot-basic.
[    c-scripting-core] Creating script environments for tk-peyote
[ citizen-server-impl] Started resource tk-peyote
[ citizen-server-impl] Started resource vstancer
[    c-scripting-core] Creating script environments for wert-ambulancejob
[ citizen-server-impl] Started resource wert-ambulancejob
[    c-resources-core] Resource 'pma-voice' can't run:
[    c-resources-core]   1. onesync: OneSync needs to be enabled
[ citizen-server-impl] Couldn't start resource pma-voice.
[    c-resources-core] Resource 'scully_radio2' can't run:
[    c-resources-core]   1. onesync: OneSync needs to be enabled
[ citizen-server-impl] Couldn't start resource scully_radio2.
[    c-scripting-core] Creating script environments for cfx-gabz-mapdata
[ citizen-server-impl] Started resource cfx-gabz-mapdata
[ citizen-server-impl] Asset assets_map/ajaxon_burton_lsc.ytd uses 45.0 MiB of physical memory.
[ citizen-server-impl] Asset assets_map/ajaxon_burton_lsc.ytd uses 45.0 MiB of physical memory.
[ citizen-server-impl] Asset assets_map/bt1_02_build.ytd uses 25.1 MiB of physical memory.
[ citizen-server-impl] Asset assets_map/bt1_02_build.ytd uses 25.1 MiB of physical memory.
[ citizen-server-impl] Asset assets_map/bam_jdm_txt.ytd uses 19.0 MiB of physical memory.
[ citizen-server-impl] Asset assets_map/bam_jdm_txt.ytd uses 19.0 MiB of physical memory.
[ citizen-server-impl] Asset assets_map/grimzypal_shell.ydr uses 24.0 MiB of physical memory.
[ citizen-server-impl] Asset assets_map/grimzypal_shell.ydr uses 24.0 MiB of physical memory.
[ citizen-server-impl] Asset assets_map/grimzypal_ytd.ytd uses 17.0 MiB of physical memory.
[ citizen-server-impl] Asset assets_map/grimzypal_ytd.ytd uses 17.0 MiB of physical memory.[0m
[ citizen-server-impl] Started resource assets_map
[    c-scripting-core] Creating script environments for cfx-gabz-247
[ citizen-server-impl] Started resource cfx-gabz-247
[    c-scripting-core] Creating script environments for cfx-gabz-binco
[ citizen-server-impl] Asset cfx-gabz-binco/gabz_binco_txd.ytd uses 25.8 MiB of physical memory.
[ citizen-server-impl] Asset cfx-gabz-binco/gabz_binco_txd.ytd uses 25.8 MiB of physical memory.
[ citizen-server-impl] Started resource cfx-gabz-binco
[    c-scripting-core] Creating script environments for cfx-gabz-casino
[ citizen-server-impl] Started resource cfx-gabz-casino
[    c-scripting-core] Creating script environments for cfx-gabz-fleeca
[ citizen-server-impl] Started resource cfx-gabz-fleeca
[    c-scripting-core] Creating script environments for cfx-gabz-hub
[ citizen-server-impl] Asset cfx-gabz-hub/gabz_pdm_txd.ytd uses 17.5 MiB of physical memory.
[ citizen-server-impl] Asset cfx-gabz-hub/gabz_pdm_txd.ytd uses 17.5 MiB of physical memory.
[ citizen-server-impl] Started resource cfx-gabz-hub
[    c-scripting-core] Creating script environments for cfx-gabz-mrpd
[ citizen-server-impl] Asset cfx-gabz-mrpd/gabz_mrpd_txd.ytd uses 35.0 MiB of physical memory.
[ citizen-server-impl] Asset cfx-gabz-mrpd/gabz_mrpd_txd.ytd uses 35.0 MiB of physical memory.
[ citizen-server-impl] Started resource cfx-gabz-mrpd
[    c-scripting-core] Creating script environments for cfx-gabz-pdprops
[ citizen-server-impl] Asset cfx-gabz-pdprops/gabz_pdprops01_txd.ytd uses 27.5 MiB of physical memory.
[ citizen-server-impl] Asset cfx-gabz-pdprops/gabz_pdprops01_txd.ytd uses 27.5 MiB of physical memory.
[ citizen-server-impl] Started resource cfx-gabz-pdprops
[    c-scripting-core] Creating script environments for cfx-gabz-pacificbank
[ citizen-server-impl] Asset cfx-gabz-pacificbank/gabz_sm_pb_txd.ytd uses 26.8 MiB of physical memory.
[ citizen-server-impl] Asset cfx-gabz-pacificbank/gabz_sm_pb_txd.ytd uses 26.8 MiB of physical memory.
[ citizen-server-impl] Started resource cfx-gabz-pacificbank
[    c-scripting-core] Creating script environments for cfx-gabz-paletobank
[ citizen-server-impl] Started resource cfx-gabz-paletobank
[    c-scripting-core] Creating script environments for cfx-gabz-pdm
[ citizen-server-impl] Asset cfx-gabz-pdm/gabz_pdm_txd.ytd uses 17.5 MiB of physical memory.
[ citizen-server-impl] Asset cfx-gabz-pdm/gabz_pdm_txd.ytd uses 17.5 MiB of physical memory.
[ citizen-server-impl] Started resource cfx-gabz-pdm
[    c-scripting-core] Creating script environments for cfx-gabz-pillbox
[ citizen-server-impl] Asset cfx-gabz-pillbox/gabz_pillbox_textures_01.ytd uses 24.8 MiB of physical memory.
[ citizen-server-impl] Asset cfx-gabz-pillbox/gabz_pillbox_textures_01.ytd uses 24.8 MiB of physical memory.
[ citizen-server-impl] Started resource cfx-gabz-pillbox
[    c-scripting-core] Creating script environments for cfx-gabz-ponsonbys
[ citizen-server-impl] Started resource cfx-gabz-ponsonbys
[    c-scripting-core] Creating script environments for cfx-gabz-prison
[ citizen-server-impl] Asset cfx-gabz-prison/sanhje_prison_txd.ytd uses 17.2 MiB of physical memory.
[ citizen-server-impl] Asset cfx-gabz-prison/sanhje_prison_txd.ytd uses 17.2 MiB of physical memory.
[ citizen-server-impl] Started resource cfx-gabz-prison
[    c-scripting-core] Creating script environments for cfx-gabz-scenarios
[ citizen-server-impl] Started resource cfx-gabz-scenarios
[    c-scripting-core] Creating script environments for cfx-gabz-townhall
[ citizen-server-impl] Asset cfx-gabz-townhall/gabz_townhall_txd.ytd uses 36.5 MiB of physical memory.
[ citizen-server-impl] Asset cfx-gabz-townhall/gabz_townhall_txd.ytd uses 36.5 MiB of physical memory.
[ citizen-server-impl] Started resource cfx-gabz-townhall
[    c-scripting-core] Creating script environments for cfx-gabz-vu
[ citizen-server-impl] Started resource cfx-gabz-vu
[ citizen-server-impl] Asset fiv3devs_galaxy/ba_int01_shell_txd.ytd uses 31.8 MiB of physical memory.
[ citizen-server-impl] Asset fiv3devs_galaxy/ba_int01_shell_txd.ytd uses 31.8 MiB of physical memory.
[ citizen-server-impl] Started resource fiv3devs_galaxy
[ citizen-server-impl] Started resource ipl_nightclub
[ citizen-server-impl] Started resource jdm_scenario
[    c-scripting-core] Creating script environments for mpragsriches
[ citizen-server-impl] Started resource mprr_patches
[ citizen-server-impl] Started resource mpragsrichespatches-standalone
[ citizen-server-impl] Started resource mpscripts
[ citizen-server-impl] Asset mpragsriches/amb_mhc_low_pool_entrance_floor.ytd uses 17.0 MiB of physical memory.
[ citizen-server-impl] Asset mpragsriches/amb_mhc_low_pool_entrance_floor.ytd uses 17.0 MiB of physical memory.
[ citizen-server-impl] Asset mpragsriches/mhc_assmosphere_txd.ytd uses 20.0 MiB of physical memory.[0m
[ citizen-server-impl] Asset mpragsriches/mhc_assmosphere_txd.ytd uses 20.0 MiB of physical memory.
[ citizen-server-impl] Asset mpragsriches/2_mhc_spagym_txd.ytd uses 20.0 MiB of physical memory.
[ citizen-server-impl] Asset mpragsriches/2_mhc_spagym_txd.ytd uses 20.0 MiB of physical memory.
[ citizen-server-impl] Asset mpragsriches/xeno_livery1.yft uses 32.0 MiB of physical memory.
[ citizen-server-impl] Asset mpragsriches/s_m_y_mhcstaff_01.ytd uses 16.8 MiB of physical memory.
[ citizen-server-impl] Asset mpragsriches/s_m_y_mhcstaff_01.ytd uses 16.8 MiB of physical memory.
[ citizen-server-impl] Started resource mpragsriches
[ citizen-server-impl] Started resource mpragsrichesmetro
[ citizen-server-impl] Started resource mpragsrichespatches-cassidy
[ citizen-server-impl] Asset 2021code3pack/13tahoeslick.ytd uses 138.0 MiB of physical memory. Oversized assets can and WILL lead to streaming issues (models not loading/rendering, commonly known as 'texture loss', 'city bug' or 'streaming isn't great').
[ citizen-server-impl] Asset 2021code3pack/13tahoeslick.ytd uses 138.0 MiB of physical memory. Oversized assets can and WILL lead to streaming issues (models not loading/rendering, commonly known as 'texture loss', 'city bug' or 'streaming isn't great').
[ citizen-server-impl] Asset 2021code3pack/14chargslick.yft uses 22.5 MiB of virtual memory.
[ citizen-server-impl] Asset 2021code3pack/14chargslick.yft uses 22.5 MiB of virtual memory.
[ citizen-server-impl] [91mAsset 2021code3pack/14chargslick.ytd uses 82.5 MiB of physical memory. Oversized assets can and WILL lead to streaming issues (models not loading/rendering, commonly known as 'texture loss', 'city bug' or 'streaming isn't great').
[ citizen-server-impl] Asset 2021code3pack/14chargslick.ytd uses 82.5 MiB of physical memory. Oversized assets can and WILL lead to streaming issues (models not loading/rendering, commonly known as 'texture loss', 'city bug' or 'streaming isn't great').
[ citizen-server-impl] Asset 2021code3pack/14chargslick_hi.yft uses 22.5 MiB of virtual memory.
[ citizen-server-impl] Asset 2021code3pack/14chargslick_hi.yft uses 22.5 MiB of virtual memory.
[ citizen-server-impl] Asset 2021code3pack/16fpiuslick.ytd uses 126.0 MiB of physical memory. Oversized assets can and WILL lead to streaming issues (models not loading/rendering, commonly known as 'texture loss', 'city bug' or 'streaming isn't great').
[ citizen-server-impl] Asset 2021code3pack/16fpiuslick.ytd uses 126.0 MiB of physical memory. Oversized assets can and WILL lead to streaming issues (models not loading/rendering, commonly known as 'texture loss', 'city bug' or 'streaming isn't great').
[ citizen-server-impl] Asset 2021code3pack/18chargslick.yft uses 20.8 MiB of virtual memory.
[ citizen-server-impl] Asset 2021code3pack/18chargslick.yft uses 20.8 MiB of virtual memory.
[ citizen-server-impl] Asset 2021code3pack/18chargslick.ytd uses 95.0 MiB of physical memory. Oversized assets can and WILL lead to streaming issues (models not loading/rendering, commonly known as 'texture loss', 'city bug' or 'streaming isn't great').
[ citizen-server-impl] Asset 2021code3pack/18chargslick.ytd uses 95.0 MiB of physical memory. Oversized assets can and WILL lead to streaming issues (models not loading/rendering, commonly known as 'texture loss', 'city bug' or 'streaming isn't great').
[ citizen-server-impl] Asset 2021code3pack/18chargslick_hi.yft uses 20.8 MiB of virtual memory.
[ citizen-server-impl] [94mAsset 2021code3pack/18chargslick_hi.yft uses 20.8 MiB of virtual memory.
[ citizen-server-impl] Asset 2021code3pack/18tahoeslick.yft uses 19.0 MiB of virtual memory.
[ citizen-server-impl] Asset 2021code3pack/18tahoeslick.yft uses 19.0 MiB of virtual memory.
[ citizen-server-impl] Asset 2021code3pack/18tahoeslick.ytd uses 151.0 MiB of physical memory. Oversized assets can and WILL lead to streaming issues (models not loading/rendering, commonly known as 'texture loss', 'city bug' or 'streaming isn't great').
[ citizen-server-impl] Asset 2021code3pack/18tahoeslick.ytd uses 151.0 MiB of physical memory. Oversized assets can and WILL lead to streaming issues (models not loading/rendering, commonly known as 'texture loss', 'city bug' or 'streaming isn't great').
[ citizen-server-impl] Asset 2021code3pack/18tahoeslick_hi.yft uses 19.0 MiB of virtual memory.
[ citizen-server-impl] Asset 2021code3pack/18tahoeslick_hi.yft uses 19.0 MiB of virtual memory.[0m
[ citizen-server-impl] Asset 2021code3pack/21tr13tahoe.ytd uses 155.0 MiB of physical memory. Oversized assets can and WILL lead to streaming issues (models not loading/rendering, commonly known as 'texture loss', 'city bug' or 'streaming isn't great').
[ citizen-server-impl] Asset 2021code3pack/21tr13tahoe.ytd uses 155.0 MiB of physical memory. Oversized assets can and WILL lead to streaming issues (models not loading/rendering, commonly known as 'texture loss', 'city bug' or 'streaming isn't great').
[ citizen-server-impl] Asset 2021code3pack/21tr14charg.yft uses 23.0 MiB of virtual memory.
[ citizen-server-impl] Asset 2021code3pack/21tr14charg.yft uses 23.0 MiB of virtual memory.
[ citizen-server-impl] Asset 2021code3pack/21tr14charg.ytd uses 100.0 MiB of physical memory. Oversized assets can and WILL lead to streaming issues (models not loading/rendering, commonly known as 'texture loss', 'city bug' or 'streaming isn't great').
[ citizen-server-impl] Asset 2021code3pack/21tr14charg.ytd uses 100.0 MiB of physical memory. Oversized assets can and WILL lead to streaming issues (models not loading/rendering, commonly known as 'texture loss', 'city bug' or 'streaming isn't great').
[ citizen-server-impl] Asset 2021code3pack/21tr14charg_hi.yft uses 23.0 MiB of virtual memory.
[ citizen-server-impl] Asset 2021code3pack/21tr14charg_hi.yft uses 23.0 MiB of virtual memory.
[ citizen-server-impl] Asset 2021code3pack/21tr16fpiu.ytd uses 122.0 MiB of physical memory. Oversized assets can and WILL lead to streaming issues (models not loading/rendering, commonly known as 'texture loss', 'city bug' or 'streaming isn't great').
[ citizen-server-impl] Asset 2021code3pack/21tr16fpiu.ytd uses 122.0 MiB of physical memory. Oversized assets can and WILL lead to streaming issues (models not loading/rendering, commonly known as 'texture loss', 'city bug' or 'streaming isn't great').
[ citizen-server-impl] Asset 2021code3pack/21tr18charg.yft uses 21.2 MiB of virtual memory.
[ citizen-server-impl] Asset 2021code3pack/21tr18charg.yft uses 21.2 MiB of virtual memory.
[ citizen-server-impl] Asset 2021code3pack/21tr18charg.ytd uses 113.0 MiB of physical memory. Oversized assets can and WILL lead to streaming issues (models not loading/rendering, commonly known as 'texture loss', 'city bug' or 'streaming isn't great').
[ citizen-server-impl] Asset 2021code3pack/21tr18charg.ytd uses 113.0 MiB of physical memory. Oversized assets can and WILL lead to streaming issues (models not loading/rendering, commonly known as 'texture loss', 'city bug' or 'streaming isn't great').
[ citizen-server-impl] Asset 2021code3pack/21tr18charg_hi.yft uses 21.2 MiB of virtual memory.
[ citizen-server-impl] Asset 2021code3pack/21tr18charg_hi.yft uses 21.2 MiB of virtual memory.
[ citizen-server-impl] Asset 2021code3pack/21tr18tahoe.yft uses 19.5 MiB of virtual memory.
[ citizen-server-impl] Asset 2021code3pack/21tr18tahoe.yft uses 19.5 MiB of virtual memory.
[ citizen-server-impl] [0mAsset 2021code3pack/21tr18tahoe.ytd uses 169.0 MiB of physical memory. Oversized assets can and WILL lead to streaming issues (models not loading/rendering, commonly known as 'texture loss', 'city bug' or 'streaming isn't great').
[ citizen-server-impl] Asset 2021code3pack/21tr18tahoe.ytd uses 169.0 MiB of physical memory. Oversized assets can and WILL lead to streaming issues (models not loading/rendering, commonly known as 'texture loss', 'city bug' or 'streaming isn't great').
[ citizen-server-impl] Asset 2021code3pack/21tr18tahoe_hi.yft uses 19.5 MiB of virtual memory.
[ citizen-server-impl] Asset 2021code3pack/21tr18tahoe_hi.yft uses 19.5 MiB of virtual memory.
[ citizen-server-impl] Asset 2021code3pack/21trcap.ytd uses 170.0 MiB of physical memory. Oversized assets can and WILL lead to streaming issues (models not loading/rendering, commonly known as 'texture loss', 'city bug' or 'streaming isn't great').
[ citizen-server-impl] Asset 2021code3pack/21trcap.ytd uses 170.0 MiB of physical memory. Oversized assets can and WILL lead to streaming issues (models not loading/rendering, commonly known as 'texture loss', 'city bug' or 'streaming isn't great').
[ citizen-server-impl] Asset 2021code3pack/21trcvpi.ytd uses 190.0 MiB of physical memory. Oversized assets can and WILL lead to streaming issues (models not loading/rendering, commonly known as 'texture loss', 'city bug' or 'streaming isn't great').
[ citizen-server-impl] Asset 2021code3pack/21trcvpi.ytd uses 190.0 MiB of physical memory. Oversized assets can and WILL lead to streaming issues (models not loading/rendering, commonly known as 'texture loss', 'city bug' or 'streaming isn't great').
[ citizen-server-impl] Asset 2021code3pack/21trf150bed.yft uses 16.4 MiB of virtual memory.
[ citizen-server-impl] Asset 2021code3pack/21trf150bed.yft uses 16.4 MiB of virtual memory.
[ citizen-server-impl] Asset 2021code3pack/21trf150bed.ytd uses 148.0 MiB of physical memory. Oversized assets can and WILL lead to streaming issues (models not loading/rendering, commonly known as 'texture loss', 'city bug' or 'streaming isn't great').
[ citizen-server-impl] Asset 2021code3pack/21trf150bed.ytd uses 148.0 MiB of physical memory. Oversized assets can and WILL lead to streaming issues (models not loading/rendering, commonly known as 'texture loss', 'city bug' or 'streaming isn't great').
[ citizen-server-impl] Asset 2021code3pack/21trf150bed_hi.yft uses 16.4 MiB of virtual memory.
[ citizen-server-impl] Asset 2021code3pack/21trf150bed_hi.yft uses 16.4 MiB of virtual memory.
[ citizen-server-impl] Asset 2021code3pack/21trf150reg.yft uses 16.8 MiB of virtual memory.
[ citizen-server-impl] Asset 2021code3pack/21trf150reg.yft uses 16.8 MiB of virtual memory.[0m
[ citizen-server-impl] Asset 2021code3pack/21trf150reg.ytd uses 148.0 MiB of physical memory. Oversized assets can and WILL lead to streaming issues (models not loading/rendering, commonly known as 'texture loss', 'city bug' or 'streaming isn't great').
[ citizen-server-impl] Asset 2021code3pack/21trf150reg.ytd uses 148.0 MiB of physical memory. Oversized assets can and WILL lead to streaming issues (models not loading/rendering, commonly known as 'texture loss', 'city bug' or 'streaming isn't great').
[ citizen-server-impl] Asset 2021code3pack/21trf150reg_hi.yft uses 16.8 MiB of virtual memory.
[ citizen-server-impl] Asset 2021code3pack/21trf150reg_hi.yft uses 16.8 MiB of virtual memory.
[ citizen-server-impl] Asset 2021code3pack/21trfpis.ytd uses 182.0 MiB of physical memory. Oversized assets can and WILL lead to streaming issues (models not loading/rendering, commonly known as 'texture loss', 'city bug' or 'streaming isn't great').
[ citizen-server-impl] Asset 2021code3pack/21trfpis.ytd uses 182.0 MiB of physical memory. Oversized assets can and WILL lead to streaming issues (models not loading/rendering, commonly known as 'texture loss', 'city bug' or 'streaming isn't great').
[ citizen-server-impl] Asset 2021code3pack/21trharley.ytd uses 120.0 MiB of physical memory. Oversized assets can and WILL lead to streaming issues (models not loading/rendering, commonly known as 'texture loss', 'city bug' or 'streaming isn't great').
[ citizen-server-impl] Asset 2021code3pack/21trharley.ytd uses 120.0 MiB of physical memory. Oversized assets can and WILL lead to streaming issues (models not loading/rendering, commonly known as 'texture loss', 'city bug' or 'streaming isn't great').
[ citizen-server-impl] Asset 2021code3pack/capslick.ytd uses 152.0 MiB of physical memory. Oversized assets can and WILL lead to streaming issues (models not loading/rendering, commonly known as 'texture loss', 'city bug' or 'streaming isn't great').
[ citizen-server-impl] Asset 2021code3pack/capslick.ytd uses 152.0 MiB of physical memory. Oversized assets can and WILL lead to streaming issues (models not loading/rendering, commonly known as 'texture loss', 'city bug' or 'streaming isn't great').
[ citizen-server-impl] Asset 2021code3pack/cvpislick.ytd uses 172.0 MiB of physical memory. Oversized assets can and WILL lead to streaming issues (models not loading/rendering, commonly known as 'texture loss', 'city bug' or 'streaming isn't great').
[ citizen-server-impl] Asset 2021code3pack/cvpislick.ytd uses 172.0 MiB of physical memory. Oversized assets can and WILL lead to streaming issues (models not loading/rendering, commonly known as 'texture loss', 'city bug' or 'streaming isn't great').
[ citizen-server-impl] Asset 2021code3pack/f150slickbed.ytd uses 153.0 MiB of physical memory. Oversized assets can and WILL lead to streaming issues (models not loading/rendering, commonly known as 'texture loss', 'city bug' or 'streaming isn't great').
[ citizen-server-impl] Asset 2021code3pack/f150slickbed.ytd uses 153.0 MiB of physical memory. Oversized assets can and WILL lead to streaming issues (models not loading/rendering, commonly known as 'texture loss', 'city bug' or 'streaming isn't great').
[ citizen-server-impl] Asset 2021code3pack/f150slickreg.yft uses 16.2 MiB of virtual memory.
[ citizen-server-impl] Asset 2021code3pack/f150slickreg.yft uses 16.2 MiB of virtual memory.
[ citizen-server-impl] Asset 2021code3pack/f150slickreg.ytd uses 153.0 MiB of physical memory. Oversized assets can and WILL lead to streaming issues (models not loading/rendering, commonly known as 'texture loss', 'city bug' or 'streaming isn't great').
[ citizen-server-impl] Asset 2021code3pack/f150slickreg.ytd uses 153.0 MiB of physical memory. Oversized assets can and WILL lead to streaming issues (models not loading/rendering, commonly known as 'texture loss', 'city bug' or 'streaming isn't great').
[ citizen-server-impl] Asset 2021code3pack/f150slickreg_hi.yft uses 16.2 MiB of virtual memory.
[ citizen-server-impl] Asset 2021code3pack/f150slickreg_hi.yft uses 16.2 MiB of virtual memory.
[ citizen-server-impl] Asset 2021code3pack/fpisslick.ytd uses 164.0 MiB of physical memory. Oversized assets can and WILL lead to streaming issues (models not loading/rendering, commonly known as 'texture loss', 'city bug' or 'streaming isn't great').
[ citizen-server-impl] Asset 2021code3pack/fpisslick.ytd uses 164.0 MiB of physical memory. Oversized assets can and WILL lead to streaming issues (models not loading/rendering, commonly known as 'texture loss', 'city bug' or 'streaming isn't great').
[ citizen-server-impl] Asset 2021code3pack/rx2713tahoe.ytd uses 148.0 MiB of physical memory. Oversized assets can and WILL lead to streaming issues (models not loading/rendering, commonly known as 'texture loss', 'city bug' or 'streaming isn't great').
[ citizen-server-impl] Asset 2021code3pack/rx2713tahoe.ytd uses 148.0 MiB of physical memory. Oversized assets can and WILL lead to streaming issues (models not loading/rendering, commonly known as 'texture loss', 'city bug' or 'streaming isn't great').
[ citizen-server-impl] Asset 2021code3pack/rx2714charg.yft uses 23.0 MiB of virtual memory.
[ citizen-server-impl] Asset 2021code3pack/rx2714charg.yft uses 23.0 MiB of virtual memory.
[ citizen-server-impl] Asset 2021code3pack/rx2714charg.ytd uses 100.0 MiB of physical memory. Oversized assets can and WILL lead to streaming issues (models not loading/rendering, commonly known as 'texture loss', 'city bug' or 'streaming isn't great').
[ citizen-server-impl] Asset 2021code3pack/rx2714charg.ytd uses 100.0 MiB of physical memory. Oversized assets can and WILL lead to streaming issues (models not loading/rendering, commonly known as 'texture loss', 'city bug' or 'streaming isn't great').
[ citizen-server-impl] Asset 2021code3pack/rx2714charg_hi.yft uses 23.0 MiB of virtual memory.
[ citizen-server-impl] Asset 2021code3pack/rx2714charg_hi.yft uses 23.0 MiB of virtual memory.
[ citizen-server-impl] Asset 2021code3pack/rx2716fpiu.ytd uses 114.0 MiB of physical memory. Oversized assets can and WILL lead to streaming issues (models not loading/rendering, commonly known as 'texture loss', 'city bug' or 'streaming isn't great').
[ citizen-server-impl] Asset 2021code3pack/rx2716fpiu.ytd uses 114.0 MiB of physical memory. Oversized assets can and WILL lead to streaming issues (models not loading/rendering, commonly known as 'texture loss', 'city bug' or 'streaming isn't great').
[ citizen-server-impl] Asset 2021code3pack/rx2718charg.yft uses 21.2 MiB of virtual memory.
[ citizen-server-impl] Asset 2021code3pack/rx2718charg.yft uses 21.2 MiB of virtual memory.
[ citizen-server-impl] Asset 2021code3pack/rx2718charg.ytd uses 105.5 MiB of physical memory. Oversized assets can and WILL lead to streaming issues (models not loading/rendering, commonly known as 'texture loss', 'city bug' or 'streaming isn't great').
[ citizen-server-impl] Asset 2021code3pack/rx2718charg.ytd uses 105.5 MiB of physical memory. Oversized assets can and WILL lead to streaming issues (models not loading/rendering, commonly known as 'texture loss', 'city bug' or 'streaming isn't great').
[ citizen-server-impl] Asset 2021code3pack/rx2718charg_hi.yft uses 21.2 MiB of virtual memory.
[ citizen-server-impl] Asset 2021code3pack/rx2718charg_hi.yft uses 21.2 MiB of virtual memory.
[ citizen-server-impl] Asset 2021code3pack/rx2718tahoe.yft uses 19.5 MiB of virtual memory.
[ citizen-server-impl] Asset 2021code3pack/rx2718tahoe.yft uses 19.5 MiB of virtual memory.
[ citizen-server-impl] Asset 2021code3pack/rx2718tahoe.ytd uses 161.0 MiB of physical memory. Oversized assets can and WILL lead to streaming issues (models not loading/rendering, commonly known as 'texture loss', 'city bug' or 'streaming isn't great').
[ citizen-server-impl] Asset 2021code3pack/rx2718tahoe.ytd uses 161.0 MiB of physical memory. Oversized assets can and WILL lead to streaming issues (models not loading/rendering, commonly known as 'texture loss', 'city bug' or 'streaming isn't great').
[ citizen-server-impl] Asset 2021code3pack/rx2718tahoe_hi.yft uses 19.5 MiB of virtual memory.
[ citizen-server-impl] Asset 2021code3pack/rx2718tahoe_hi.yft uses 19.5 MiB of virtual memory.
[ citizen-server-impl] Asset 2021code3pack/rx27cap.ytd uses 162.0 MiB of physical memory. Oversized assets can and WILL lead to streaming issues (models not loading/rendering, commonly known as 'texture loss', 'city bug' or 'streaming isn't great').
[ citizen-server-impl] Asset 2021code3pack/rx27cap.ytd uses 162.0 MiB of physical memory. Oversized assets can and WILL lead to streaming issues (models not loading/rendering, commonly known as 'texture loss', 'city bug' or 'streaming isn't great').
[ citizen-server-impl] Asset 2021code3pack/rx27cvpi.ytd uses 182.0 MiB of physical memory. Oversized assets can and WILL lead to streaming issues (models not loading/rendering, commonly known as 'texture loss', 'city bug' or 'streaming isn't great').
[ citizen-server-impl] Asset 2021code3pack/rx27cvpi.ytd uses 182.0 MiB of physical memory. Oversized assets can and WILL lead to streaming issues (models not loading/rendering, commonly known as 'texture loss', 'city bug' or 'streaming isn't great').
[ citizen-server-impl] Asset 2021code3pack/rx27f150bed.yft uses 16.5 MiB of virtual memory.
[ citizen-server-impl] Asset 2021code3pack/rx27f150bed.yft uses 16.5 MiB of virtual memory.
[ citizen-server-impl] Asset 2021code3pack/rx27f150bed.ytd uses 141.0 MiB of physical memory. Oversized assets can and WILL lead to streaming issues (models not loading/rendering, commonly known as 'texture loss', 'city bug' or 'streaming isn't great').
[ citizen-server-impl] Asset 2021code3pack/rx27f150bed.ytd uses 141.0 MiB of physical memory. Oversized assets can and WILL lead to streaming issues (models not loading/rendering, commonly known as 'texture loss', 'city bug' or 'streaming isn't great').
[ citizen-server-impl] Asset 2021code3pack/rx27f150bed_hi.yft uses 16.5 MiB of virtual memory.
[ citizen-server-impl] Asset 2021code3pack/rx27f150bed_hi.yft uses 16.5 MiB of virtual memory.
[ citizen-server-impl] Asset 2021code3pack/rx27f150reg.yft uses 16.9 MiB of virtual memory.
[ citizen-server-impl] Asset 2021code3pack/rx27f150reg.yft uses 16.9 MiB of virtual memory.
[ citizen-server-impl] Asset 2021code3pack/rx27f150reg.ytd uses 141.0 MiB of physical memory. Oversized assets can and WILL lead to streaming issues (models not loading/rendering, commonly known as 'texture loss', 'city bug' or 'streaming isn't great').
[ citizen-server-impl] Asset 2021code3pack/rx27f150reg.ytd uses 141.0 MiB of physical memory. Oversized assets can and WILL lead to streaming issues (models not loading/rendering, commonly known as 'texture loss', 'city bug' or 'streaming isn't great').
[ citizen-server-impl] Asset 2021code3pack/rx27f150reg_hi.yft uses 16.9 MiB of virtual memory.
[ citizen-server-impl] Asset 2021code3pack/rx27f150reg_hi.yft uses 16.9 MiB of virtual memory.
[ citizen-server-impl] Asset 2021code3pack/rx27fpis.ytd uses 186.0 MiB of physical memory. Oversized assets can and WILL lead to streaming issues (models not loading/rendering, commonly known as 'texture loss', 'city bug' or 'streaming isn't great').
[ citizen-server-impl] Asset 2021code3pack/rx27fpis.ytd uses 186.0 MiB of physical memory. Oversized assets can and WILL lead to streaming issues (models not loading/rendering, commonly known as 'texture loss', 'city bug' or 'streaming isn't great').
[ citizen-server-impl] Started resource 2021code3pack
[ citizen-server-impl] Asset 20ramambo/20ramambo+hi.ytd uses 32.0 MiB of physical memory.
[ citizen-server-impl] Asset 20ramambo/20ramambo+hi.ytd uses 32.0 MiB of physical memory.
[ citizen-server-impl] Asset 20ramambo/20ramambo.yft uses 32.5 MiB of virtual memory.[0m
[ citizen-server-impl] Asset 20ramambo/20ramambo.yft uses 32.5 MiB of virtual memory.
[ citizen-server-impl] Asset 20ramambo/20ramambo.ytd uses 177.5 MiB of physical memory. Oversized assets can and WILL lead to streaming issues (models not loading/rendering, commonly known as 'texture loss', 'city bug' or 'streaming isn't great').
[ citizen-server-impl] Asset 20ramambo/20ramambo.ytd uses 177.5 MiB of physical memory. Oversized assets can and WILL lead to streaming issues (models not loading/rendering, commonly known as 'texture loss', 'city bug' or 'streaming isn't great').
[ citizen-server-impl] Asset 20ramambo/20ramambo_hi.yft uses 32.5 MiB of virtual memory.
[ citizen-server-impl] Asset 20ramambo/20ramambo_hi.yft uses 32.5 MiB of virtual memory.
[ citizen-server-impl] Started resource 20ramambo
[ citizen-server-impl] Asset amrpack/amr13fpiu+hi.ytd uses 72.0 MiB of physical memory. Oversized assets can and WILL lead to streaming issues (models not loading/rendering, commonly known as 'texture loss', 'city bug' or 'streaming isn't great').
[ citizen-server-impl] Asset amrpack/amr13fpiu+hi.ytd uses 72.0 MiB of physical memory. Oversized assets can and WILL lead to streaming issues (models not loading/rendering, commonly known as 'texture loss', 'city bug' or 'streaming isn't great').
[ citizen-server-impl] Asset amrpack/amr13fpiu.ytd uses 125.0 MiB of physical memory. Oversized assets can and WILL lead to streaming issues (models not loading/rendering, commonly known as 'texture loss', 'city bug' or 'streaming isn't great').
[ citizen-server-impl] Asset amrpack/amr13fpiu.ytd uses 125.0 MiB of physical memory. Oversized assets can and WILL lead to streaming issues (models not loading/rendering, commonly known as 'texture loss', 'city bug' or 'streaming isn't great').
[ citizen-server-impl] Asset amrpack/amr16fpiu.ytd uses 130.0 MiB of physical memory. Oversized assets can and WILL lead to streaming issues (models not loading/rendering, commonly known as 'texture loss', 'city bug' or 'streaming isn't great').
[ citizen-server-impl] Asset amrpack/amr16fpiu.ytd uses 130.0 MiB of physical memory. Oversized assets can and WILL lead to streaming issues (models not loading/rendering, commonly known as 'texture loss', 'city bug' or 'streaming isn't great').
[ citizen-server-impl] Asset amrpack/amr18tahoe.ytd uses 138.0 MiB of physical memory. Oversized assets can and WILL lead to streaming issues (models not loading/rendering, commonly known as 'texture loss', 'city bug' or 'streaming isn't great').
[ citizen-server-impl] Asset amrpack/amr18tahoe.ytd uses 138.0 MiB of physical memory. Oversized assets can and WILL lead to streaming issues (models not loading/rendering, commonly known as 'texture loss', 'city bug' or 'streaming isn't great').
[ citizen-server-impl] Asset amrpack/amr18tahoe_hi.yft uses 17.8 MiB of virtual memory.
[ citizen-server-impl] Asset amrpack/amr18tahoe_hi.yft uses 17.8 MiB of virtual memory.
[ citizen-server-impl] Asset amrpack/amrf150.ytd uses 118.0 MiB of physical memory. Oversized assets can and WILL lead to streaming issues (models not loading/rendering, commonly known as 'texture loss', 'city bug' or 'streaming isn't great').
[ citizen-server-impl] Asset amrpack/amrf150.ytd uses 118.0 MiB of physical memory. Oversized assets can and WILL lead to streaming issues (models not loading/rendering, commonly known as 'texture loss', 'city bug' or 'streaming isn't great').
[ citizen-server-impl] Asset amrpack/amrf150cr.ytd uses 118.0 MiB of physical memory. Oversized assets can and WILL lead to streaming issues (models not loading/rendering, commonly known as 'texture loss', 'city bug' or 'streaming isn't great').
[ citizen-server-impl] Asset amrpack/amrf150cr.ytd uses 118.0 MiB of physical memory. Oversized assets can and WILL lead to streaming issues (models not loading/rendering, commonly known as 'texture loss', 'city bug' or 'streaming isn't great').
[ citizen-server-impl] Asset amrpack/amrf150cr_hi.yft uses 16.2 MiB of virtual memory.
[ citizen-server-impl] Asset amrpack/amrf150cr_hi.yft uses 16.2 MiB of virtual memory.
[ citizen-server-impl] Asset amrpack/amrf150_hi.yft uses 16.2 MiB of virtual memory.
[ citizen-server-impl] Asset amrpack/amrf150_hi.yft uses 16.2 MiB of virtual memory.
[ citizen-server-impl] Asset amrpack/amrf250.yft uses 19.0 MiB of virtual memory.
[ citizen-server-impl] Asset amrpack/amrf250.yft uses 19.0 MiB of virtual memory.
[ citizen-server-impl] Asset amrpack/amrf250.ytd uses 118.0 MiB of physical memory. Oversized assets can and WILL lead to streaming issues (models not loading/rendering, commonly known as 'texture loss', 'city bug' or 'streaming isn't great').
[ citizen-server-impl] Asset amrpack/amrf250.ytd uses 118.0 MiB of physical memory. Oversized assets can and WILL lead to streaming issues (models not loading/rendering, commonly known as 'texture loss', 'city bug' or 'streaming isn't great').
[ citizen-server-impl] Asset amrpack/amrf250cr.yft uses 19.0 MiB of virtual memory.
[ citizen-server-impl] Asset amrpack/amrf250cr.yft uses 19.0 MiB of virtual memory.
[ citizen-server-impl] Asset amrpack/amrf250cr.ytd uses 118.0 MiB of physical memory. Oversized assets can and WILL lead to streaming issues (models not loading/rendering, commonly known as 'texture loss', 'city bug' or 'streaming isn't great').
[ citizen-server-impl] Asset amrpack/amrf250cr.ytd uses 118.0 MiB of physical memory. Oversized assets can and WILL lead to streaming issues (models not loading/rendering, commonly known as 'texture loss', 'city bug' or 'streaming isn't great').
[ citizen-server-impl] Asset amrpack/amrf250cr_hi.yft uses 17.8 MiB of virtual memory.
[ citizen-server-impl] Asset amrpack/amrf250cr_hi.yft uses 17.8 MiB of virtual memory.
[ citizen-server-impl] Asset amrpack/amrf250_hi.yft uses 17.5 MiB of virtual memory.
[ citizen-server-impl] Asset amrpack/amrf250_hi.yft uses 17.5 MiB of virtual memory.
[ citizen-server-impl] Asset amrpack/amrheli.yft uses 24.5 MiB of virtual memory.
[ citizen-server-impl] Asset amrpack/amrheli.yft uses 24.5 MiB of virtual memory.
[ citizen-server-impl] Asset amrpack/amrheli.ytd uses 28.0 MiB of physical memory.
[ citizen-server-impl] Asset amrpack/amrheli.ytd uses 28.0 MiB of physical memory.
[ citizen-server-impl] Asset amrpack/amrheli_hi.yft uses 24.5 MiB of virtual memory.
[ citizen-server-impl] Asset amrpack/amrheli_hi.yft uses 24.5 MiB of virtual memory.
[ citizen-server-impl] Asset amrpack/wheel2_musc_09.ydr uses 32.0 MiB of physical memory.
[ citizen-server-impl] Asset amrpack/wheel2_musc_09.ydr uses 32.0 MiB of physical memory.
[ citizen-server-impl] Asset amrpack/wheel2_musc_10.ydr uses 32.0 MiB of physical memory.
[ citizen-server-impl] Asset amrpack/wheel2_musc_10.ydr uses 32.0 MiB of physical memory.
[ citizen-server-impl] Started resource amrpack
[    c-resources-core] Resource 'pma-sirensync' can't run:
[    c-resources-core]   1. onesync: OneSync needs to be enabled
[ citizen-server-impl] Couldn't start resource pma-sirensync.
[ citizen-server-impl] Started resource stretcher
[ citizen-server-impl] Started resource stretcherscript
[ citizen-server-impl] Couldn't find resource qb-hud.
[         script:yarn] [yarn] yarn install v1.22.5
[         script:yarn] [1/4] Resolving packages...
[         script:yarn] [2/4] Fetching packages...
[         script:yarn] info fsevents@2.3.1: The platform "win32" is incompatible with this module.
[         script:yarn] info "fsevents@2.3.1" is an optional dependency and failed compatibility check. Excluding it from installation.
[         script:yarn] info fsevents@1.2.13: The platform "win32" is incompatible with this module.
[         script:yarn] info "fsevents@1.2.13" is an optional dependency and failed compatibility check. Excluding it from installation.
[         script:yarn] [3/4] Linking dependencies...
[         script:yarn] [4/4] Building fresh packages...
[         script:yarn] Done in 5.89s.
[         script:yarn] 
[         script:yarn] Error: [yarn] warning Ignored scripts due to flag.
[         script:yarn] 
[         script:yarn] [yarn] yarn install v1.22.5
[         script:yarn] [1/4] Resolving packages...
[         script:yarn] success Already up-to-date.
[         script:yarn] Done in 0.17s.
[         script:yarn] 
[ citizen-server-impl] Build tasks completed - starting resource webpack.
[    c-scripting-core] Creating script environments for webpack
[ citizen-server-impl] Running build tasks on resource chat - it'll restart once completed.
[ citizen-server-impl] Running build tasks on resource screenshot-basic - it'll restart once completed.
[         script:yarn] yarn is currently busy: we are waiting to compile screenshot-basic
[ citizen-server-impl] Started resource webpack
[ citizen-server-impl] Build tasks completed - starting resource webpack.
[      script:monitor] [txAdminClient] Threads and commands set up. All Ready.
[   script:mapmanager] Started map fivem-map-skater
[ citizen-server-impl] [0mStarted resource fivem-map-skater
[  script:ps-dispatch] Shooting	true	true
[  script:ps-dispatch] Melee	true	true
[  script:ps-dispatch] Speeding	true	true
[  script:ps-dispatch] Autotheft	true	true
[  script:ps-dispatch] PlayerDowned	true	true
[ citizen-server-impl] server thread hitch warning: timer interval of 165 milliseconds
[      script:oxmysql] Database server connection established!
[      script:oxmysql] There is an update available for oxmysql - please update to the latest release (current version: 2.4.0)
[      script:oxmysql] https://github.com/overextended/oxmysql/releases/tag/v2.5.0
[ citizen-server-impl]         fff                          
[ citizen-server-impl]   cccc ff   xx  xx     rr rr    eee  
[ citizen-server-impl] cc     ffff   xx       rrr  r ee   e 
[ citizen-server-impl] cc     ff     xx   ... rr     eeeee  
[ citizen-server-impl]  ccccc ff   xx  xx ... rr      eeeee 
[ citizen-server-impl]                                      
[ citizen-server-impl] Authenticated with cfx.re Nucleus: https://emilf-rqzogp.users.cfx.re/
[script:renzu_scorebo] SCOREBOARD LOADED
[         script:yarn] [yarn] yarn install v1.22.5
[         script:yarn] 
[         script:yarn] [yarn] yarn install v1.22.5
[         script:yarn] 
[         script:yarn] [yarn] [1/4] Resolving packages...
[         script:yarn] 
[         script:yarn] Error: [yarn] warning Waiting for the other yarn instance to finish (pid undefined, inside undefined)
[         script:yarn] 
[         script:yarn] [yarn] [2/4] Fetching packages...
[         script:yarn] 
[    script:renzu_hud] -------------
[    script:renzu_hud] RENZU HUD STARTED!
[    script:renzu_hud] FRAMEWORK: QBCORE
[    script:renzu_hud] PLAYER VEHICLES TABLE: player_vehicles
[    script:renzu_hud] IDENTIFIER TO USE: license:
[    script:renzu_hud] 
[    script:renzu_hud] [0mcommands
[     script:gksphone] [GKSPHONE] You are using the current version!
[         script:yarn] [yarn] info fsevents@1.2.11: The platform "win32" is incompatible with this module.
[         script:yarn] 
[         script:yarn] [yarn] info "fsevents@1.2.11" is an optional dependency and failed compatibility check. Excluding it from installation.
[         script:yarn] 
[         script:yarn] [yarn] [3/4] Linking dependencies...
[         script:yarn] 
[         script:yarn] [yarn] [4/4] Building fresh packages...
[         script:yarn] 
[         script:yarn] Error: [yarn] warning Ignored scripts due to flag.
[         script:yarn] 
[         script:yarn] [yarn] Done in 11.63s.
[         script:yarn] 
[      script:webpack] chat: started building webpack.config.js
[ citizen-server-impl] server thread hitch warning: timer interval of 8368 milliseconds
[         script:yarn] [yarn] [1/4] Resolving packages...
[         script:yarn] [2/4] Fetching packages...
[         script:yarn] info fsevents@2.3.1: The platform "win32" is incompatible with this module.
[         script:yarn] info "fsevents@2.3.1" is an optional dependency and failed compatibility check. Excluding it from installation.
[         script:yarn] info fsevents@1.2.13: The platform "win32" is incompatible with this module.
[         script:yarn] info "fsevents@1.2.13" is an optional dependency and failed compatibility check. Excluding it from installation.
[         script:yarn] [3/4] Linking dependencies...
[         script:yarn] 
[         script:yarn] [yarn] [4/4] Building fresh packages...
[         script:yarn] 
[         script:yarn] Error: [yarn] warning Ignored scripts due to flag.
[         script:yarn] 
[         script:yarn] [yarn] Done in 20.31s.
[         script:yarn] 
[      script:webpack] webpack is busy: we are waiting to compile screenshot-basic (client.config.js)
[      script:webpack] webpack is busy: we are waiting to compile screenshot-basic (client.config.js)
[      script:webpack] webpack is busy: we are waiting to compile screenshot-basic (client.config.js)
[      script:webpack] webpack is busy: we are waiting to compile screenshot-basic (client.config.js)
[      script:webpack] chat: built webpack.config.js
[ citizen-server-impl] Build tasks completed - starting resource chat.
[    c-scripting-core] Creating script environments for chat
[ citizen-server-impl] Started resource chat
[      script:webpack] screenshot-basic: started building client.config.js
[      script:webpack] webpack is busy: we are waiting to compile screenshot-basic (server.config.js)
[ citizen-server-impl] server thread hitch warning: timer interval of 2585 milliseconds
[      script:webpack] webpack is busy: we are waiting to compile screenshot-basic (server.config.js)
[      script:webpack] screenshot-basic: built client.config.js
[      script:webpack] screenshot-basic: started building server.config.js
[      script:webpack] webpack is busy: we are waiting to compile screenshot-basic (ui.config.js)
[ citizen-server-impl] server thread hitch warning: timer interval of 1933 milliseconds
[      script:webpack] screenshot-basic: built server.config.js
[      script:webpack] screenshot-basic: started building ui.config.js
[      script:webpack] screenshot-basic: built ui.config.js
[ citizen-server-impl] Build tasks completed - starting resource screenshot-basic.
[    c-scripting-core] Creating script environments for screenshot-basic
[ citizen-server-impl] Started resource screenshot-basic
[ citizen-server-impl] server thread hitch warning: timer interval of 151 milliseconds
[ citizen-server-main] -> Quitting: SIGHUP received
