
================================================================
======== Log Rotated - 28.8.2022 00.00.00                       
================================================================
[00.01.35] [jVHAH#54] Mejdahl: said "/-closeWertUMenu"
[00.01.37] [jVHAH#54] Mejdahl: said "/-closeWertUMenu"
[00.01.37] [jVHAH#54] Mejdahl: said "/-closeWertUMenu"
[00.05.42] [jVHAH#46] Tulle: disconnected (Exiting)
[00.06.29] [jVHAH#56] Tulle: joined with identifiers [license:6d7c637c585da1b31d306a248661dc67bf5712cb; xbl:2535408891566827; live:985153969150307; discord:344531472717316096]
[00.07.22] [jVHAH#53] Snipzi: said "/-closeWertUMenu"
[00.07.22] [jVHAH#53] Snipzi: said "/-closeWertUMenu"
[00.07.23] [jVHAH#53] Snipzi: said "/-closeWertUMenu"
[00.15.11] [jVHAH#52] 🥇| Johan: said "/-closeWertUMenu"
[00.15.37] [jVHAH#52] 🥇| Johan: said "/-closeWertUMenu"
[00.15.42] [jVHAH#56] Tulle: said "/-closeWertUMenu"
[00.15.43] [jVHAH#56] Tulle: said "/-closeWertUMenu"
[00.18.07] [jVHAH#56] Tulle: said "/-closeWertUMenu"
[00.18.17] [jVHAH#56] Tulle: said "/-closeWertUMenu"
[00.18.17] [jVHAH#56] Tulle: said "/-closeWertUMenu"
[00.18.17] [jVHAH#56] Tulle: said "/-closeWertUMenu"
[00.18.32] [jVHAH#56] Tulle: said "/-closeWertUMenu"
[00.18.49] [jVHAH#56] Tulle: said "/-closeWertUMenu"
[00.18.50] [jVHAH#56] Tulle: said "/-closeWertUMenu"
[00.18.51] [jVHAH#56] Tulle: said "/-closeWertUMenu"
[00.24.57] [jVHAH#52] 🥇| Johan: disconnected (Exiting)
[00.27.24] [jVHAH#57] 🥇| Johan: joined with identifiers [license:ed5e0d2da97aa01c3cfd7748c118de86a4f0fa42; live:844429210926073; discord:275664712769732619; fivem:751347; license2:777ac52f46ea5976d15ce90a820ce507ce28b625]
[00.28.15] [jVHAH#53] Snipzi: said "/-closeWertUMenu"
[00.28.15] [jVHAH#53] Snipzi: said "/-closeWertUMenu"
[00.28.17] [jVHAH#53] Snipzi: said "/-closeWertUMenu"
[00.30.00] [jVHAH#54] Mejdahl: said "/-closeWertUMenu"
[00.30.02] [jVHAH#54] Mejdahl: said "/-closeWertUMenu"
[00.30.02] [jVHAH#54] Mejdahl: said "/-closeWertUMenu"
[00.32.15] [jVHAH#57] 🥇| Johan: said "/-closeWertUMenu"
[00.32.19] [jVHAH#57] 🥇| Johan: said "/-closeWertUMenu"
[00.32.19] [jVHAH#57] 🥇| Johan: said "/-closeWertUMenu"
[00.35.47] [jVHAH#54] Mejdahl: said "/-closeWertUMenu"
[00.35.50] [jVHAH#54] Mejdahl: said "/-closeWertUMenu"
[00.35.50] [jVHAH#54] Mejdahl: said "/-closeWertUMenu"
[00.36.45] [jVHAH#57] 🥇| Johan: said "/-closeWertUMenu"
[00.37.16] [jVHAH#57] 🥇| Johan: said "/claer"
[00.37.53] [jVHAH#57] 🥇| Johan: said "/-closeWertUMenu"
[00.40.07] [jVHAH#56] Tulle: said "/-closeWertUMenu"
[00.40.14] [jVHAH#56] Tulle: said "/-closeWertUMenu"
[00.40.14] [jVHAH#56] Tulle: said "/-closeWertUMenu"
[00.40.15] [jVHAH#56] Tulle: said "/-closeWertUMenu"
[00.40.27] [jVHAH#57] 🥇| Johan: said "/-closeWertUMenu"
[00.40.32] [jVHAH#57] 🥇| Johan: said "/-closeWertUMenu"
[00.40.32] [jVHAH#57] 🥇| Johan: said "/-closeWertUMenu"
[00.40.32] [jVHAH#57] 🥇| Johan: said "/-closeWertUMenu"
[00.41.44] [jVHAH#57] 🥇| Johan: said "/-closeWertUMenu"
[00.41.49] [jVHAH#57] 🥇| Johan: said "/-closeWertUMenu"
[00.41.49] [jVHAH#57] 🥇| Johan: said "/-closeWertUMenu"
[00.42.41] [jVHAH#54] Mejdahl: said "/-closeWertUMenu"
[00.42.44] [jVHAH#54] Mejdahl: said "/-closeWertUMenu"
[00.42.44] [jVHAH#54] Mejdahl: said "/-closeWertUMenu"
[00.43.35] [jVHAH#57] 🥇| Johan: said "/-closeWertUMenu"
[00.43.37] [jVHAH#57] 🥇| Johan: said "/-closeWertUMenu"
[00.43.37] [jVHAH#57] 🥇| Johan: said "/-closeWertUMenu"
[00.43.54] [jVHAH#56] Tulle: said "/-closeWertUMenu"
[00.44.19] [jVHAH#57] 🥇| Johan: said "/claer"
[00.44.57] [jVHAH#54] Mejdahl: disconnected (Exiting)
[00.55.19] [jVHAH#55] Malle: disconnected (Exiting)
[00.56.12] [jVHAH#58] Tyrker: joined with identifiers [license:c32b3bdde24208e5ccc255fcd3c12d4e5a531dc0; discord:864135401923805234; license2:8718f15da4c09eb66692949a26cb18807a8c8e0f]
[00.56.43] [jVHAH#56] Tulle: said "/-closeWertUMenu"
[00.56.44] [jVHAH#56] Tulle: said "/-closeWertUMenu"
[01.04.19] [jVHAH#57] 🥇| Johan: said "/-closeWertUMenu"
[01.04.21] [jVHAH#57] 🥇| Johan: said "/-closeWertUMenu"
[01.04.21] [jVHAH#57] 🥇| Johan: said "/-closeWertUMenu"
[01.04.39] [jVHAH#58] Tyrker: said "/emotemenu"
[01.04.45] [jVHAH#58] Tyrker: said "/walks"
[01.05.15] [jVHAH#56] Tulle: said "/-closeWertUMenu"
[01.05.17] [jVHAH#56] Tulle: said "/-closeWertUMenu"
[01.08.20] [jVHAH#58] Tyrker: said "/cash"
[01.08.22] [jVHAH#58] Tyrker: said "/bank"
[01.08.46] [jVHAH#57] 🥇| Johan: said "/-closeWertUMenu"
[01.09.02] [jVHAH#57] 🥇| Johan: said "/-closeWertUMenu"
[01.09.21] [jVHAH#57] 🥇| Johan: said "/-closeWertUMenu"
[01.10.00] [jVHAH#57] 🥇| Johan: said "/-closeWertUMenu"
[01.10.16] [jVHAH#58] Tyrker: said "/bank"
[01.10.22] [jVHAH#58] Tyrker: said "/-closeWertUMenu"
[01.10.24] [jVHAH#58] Tyrker: said "/-closeWertUMenu"
[01.10.24] [jVHAH#58] Tyrker: said "/-closeWertUMenu"
[01.16.07] [jVHAH#58] Tyrker: said "/skin"
[01.19.17] [jVHAH#56] Tulle: disconnected (Exiting)
[01.19.55] [jVHAH#59] Tulle: joined with identifiers [license:6d7c637c585da1b31d306a248661dc67bf5712cb; xbl:2535408891566827; live:985153969150307; discord:344531472717316096]
[01.20.51] [jVHAH#57] 🥇| Johan: said "/-closeWertUMenu"
[01.29.47] [jVHAH#60] Morfar: joined with identifiers [license:0d8a1f40184232325e1a92c7e76a7a6ccf86cd8a; xbl:2535430986537245; live:844425077305307; discord:814032394935992350; fivem:107897; license2:0d8a1f40184232325e1a92c7e76a7a6ccf86cd8a]
[01.33.00] [jVHAH#59] Tulle: said "/-closeWertUMenu"
[01.33.01] [jVHAH#59] Tulle: said "/-closeWertUMenu"
[01.34.06] [jVHAH#60] Morfar: said "/-closeWertUMenu"
[01.34.23] [jVHAH#60] Morfar: said "/maxupg"
[01.35.50] [jVHAH#60] Morfar: said "/-closeWertUMenu"
[01.36.27] [jVHAH#60] Morfar: said "/-closeWertUMenu"
[01.37.03] [jVHAH#60] Morfar: said "/-closeWertUMenu"
[01.37.47] [jVHAH#60] Morfar: said "/-closeWertUMenu"
[01.37.48] [jVHAH#60] Morfar: said "/-closeWertUMenu"
[01.41.19] [jVHAH#58] Tyrker: said "/quti"
[01.41.21] [jVHAH#58] Tyrker: disconnected (Exiting)
[01.41.44] [jVHAH#57] 🥇| Johan: disconnected (Exiting)
[01.41.47] [jVHAH#60] Morfar: said "/-closeWertUMenu"
[01.42.13] [jVHAH#60] Morfar: said "/-closeWertUMenu"
[01.42.14] [jVHAH#60] Morfar: said "/-closeWertUMenu"
[01.42.22] [jVHAH#59] Tulle: disconnected (Exiting)
[01.43.02] [jVHAH#61] Tulle: joined with identifiers [license:6d7c637c585da1b31d306a248661dc67bf5712cb; xbl:2535408891566827; live:985153969150307; discord:344531472717316096]
[01.43.12] [jVHAH#60] Morfar: said "/-closeWertUMenu"
[01.43.13] [jVHAH#60] Morfar: said "/-closeWertUMenu"
[01.43.55] [jVHAH#62] 🥇| Johan: joined with identifiers [license:ed5e0d2da97aa01c3cfd7748c118de86a4f0fa42; live:844429210926073; discord:275664712769732619; fivem:751347; license2:777ac52f46ea5976d15ce90a820ce507ce28b625]
[01.46.19] [jVHAH#60] Morfar: disconnected (Exiting)
[01.46.22] [jVHAH#53] Snipzi: disconnected (Exiting)
[01.46.24] [jVHAH#61] Tulle: disconnected (Exiting)
[01.51.28] [jVHAH#62] 🥇| Johan: said "/-closeWertUMenu"
[01.51.34] [jVHAH#62] 🥇| Johan: said "/-closeWertUMenu"
[01.51.35] [jVHAH#62] 🥇| Johan: said "/-closeWertUMenu"
[01.51.35] [jVHAH#62] 🥇| Johan: said "/-closeWertUMenu"
[01.51.38] [jVHAH#62] 🥇| Johan: said "/-closeWertUMenu"
[01.51.42] [jVHAH#62] 🥇| Johan: said "/-closeWertUMenu"
[01.51.42] [jVHAH#62] 🥇| Johan: said "/-closeWertUMenu"
[01.51.52] [jVHAH#62] 🥇| Johan: said "/-closeWertUMenu"
[01.51.53] [jVHAH#62] 🥇| Johan: said "/-closeWertUMenu"
[01.51.54] [jVHAH#62] 🥇| Johan: said "/-closeWertUMenu"
[01.53.52] [jVHAH#62] 🥇| Johan: disconnected (Exiting)
[02.10.52] [jVHAH#63] Morfar: joined with identifiers [license:0d8a1f40184232325e1a92c7e76a7a6ccf86cd8a; xbl:2535430986537245; live:844425077305307; discord:814032394935992350; fivem:107897; license2:0d8a1f40184232325e1a92c7e76a7a6ccf86cd8a]
[02.11.22] [jVHAH#63] Morfar: disconnected ([txAdmin] Server shutting down (requested by emilf).)
