
================================================================
======== txAdmin Starting - 26.8.2022 22.50.08                  
================================================================

================================================================
======== Log Rotated - 26.8.2022 22.50.09                       
================================================================
[22.52.17] txAdmin: Logger started
[22.56.58] txAdmin: Logger started
[22.58.12] txAdmin: Logger started
[23.03.07] txAdmin: Logger started
[23.04.14] [bW7jL#1] emilf: joined with identifiers [license:0d8a1f40184232325e1a92c7e76a7a6ccf86cd8a; xbl:2535430986537245; live:844425077305307; discord:814032394935992350; fivem:107897; license2:0d8a1f40184232325e1a92c7e76a7a6ccf86cd8a]
[23.07.41] [bW7jL#1] emilf: disconnected ([txAdmin] Server restarting (requested by emilf).)
[23.08.02] txAdmin: Logger started
[23.10.15] txAdmin: Logger started
[23.10.39] txAdmin: Logger started
[23.13.52] [GUtD7#1] emilf: joined with identifiers [license:0d8a1f40184232325e1a92c7e76a7a6ccf86cd8a; xbl:2535430986537245; live:844425077305307; discord:814032394935992350; fivem:107897; license2:0d8a1f40184232325e1a92c7e76a7a6ccf86cd8a]
[23.14.59] [GUtD7#1] emilf: disconnected (Exiting)
[23.15.23] [GUtD7#2] emilf: joined with identifiers [license:0d8a1f40184232325e1a92c7e76a7a6ccf86cd8a; xbl:2535430986537245; live:844425077305307; discord:814032394935992350; fivem:107897; license2:0d8a1f40184232325e1a92c7e76a7a6ccf86cd8a]
[23.22.57] [GUtD7#2] emilf: disconnected ([txAdmin] Server restarting (requested by emilf).)
[23.23.16] txAdmin: Logger started
[23.23.59] [jHUki#1] emilf: joined with identifiers [license:0d8a1f40184232325e1a92c7e76a7a6ccf86cd8a; xbl:2535430986537245; live:844425077305307; discord:814032394935992350; fivem:107897; license2:0d8a1f40184232325e1a92c7e76a7a6ccf86cd8a]
[23.31.14] [jHUki#1] emilf: said "/-closeWertUMenu"
[23.31.15] [jHUki#1] emilf: said "/-closeWertUMenu"
[23.32.14] [jHUki#1] emilf: said "/-closeWertUMenu"
[23.34.38] [jHUki#1] emilf: said "/-closeWertUMenu"
[23.34.38] [jHUki#1] emilf: said "/-closeWertUMenu"
[23.38.29] [jHUki#1] emilf: disconnected ([txAdmin] Server restarting (requested by emilf).)
[23.38.48] txAdmin: Logger started
[23.43.13] [nAhxh#1] emilf: joined with identifiers [license:0d8a1f40184232325e1a92c7e76a7a6ccf86cd8a; xbl:2535430986537245; live:844425077305307; discord:814032394935992350; fivem:107897; license2:0d8a1f40184232325e1a92c7e76a7a6ccf86cd8a]
[23.50.58] [nAhxh#1] emilf: said "/givenuifocus 2"
[23.50.59] [nAhxh#1] emilf: said "/givenuifocus "
[23.51.05] [nAhxh#1] emilf: disconnected (Exiting)
[23.55.16] txAdmin: Logger started
[23.56.31] [kaneQ#1] emilf: joined with identifiers [license:0d8a1f40184232325e1a92c7e76a7a6ccf86cd8a; xbl:2535430986537245; live:844425077305307; discord:814032394935992350; fivem:107897; license2:0d8a1f40184232325e1a92c7e76a7a6ccf86cd8a]
[23.57.47] [kaneQ#1] emilf: said "/npolvette"
